2022-08-23 21:49:43,644 INFO h.Logger [main] –ü—Ä–æ–∏–∑–≤–µ–ª–∏ –∞–≤—Ç–æ—Ä–∏–∑–∞—Ü–∏—é –Ω–∞ —Å–∞–π—Ç–µ Otus
2022-08-23 21:49:54,097 INFO h.Logger [main] –ü–µ—Ä–µ—à–ª–∏ –≤ –ø—Ä–æ—Ñ–∏–ª—å
2022-08-23 22:15:17,860 INFO h.Logger [main] –ü—Ä–æ–∏–∑–≤–µ–ª–∏ –∞–≤—Ç–æ—Ä–∏–∑–∞—Ü–∏—é –Ω–∞ —Å–∞–π—Ç–µ Otus
2022-08-23 22:15:30,242 INFO h.Logger [main] –ü–µ—Ä–µ—à–ª–∏ –≤ –ø—Ä–æ—Ñ–∏–ª—å
2022-08-23 22:44:40,069 INFO h.Logger [main] –ü—Ä–æ–∏–∑–≤–µ–ª–∏ –∞–≤—Ç–æ—Ä–∏–∑–∞—Ü–∏—é –Ω–∞ —Å–∞–π—Ç–µ Otus
2022-08-23 22:44:51,660 INFO h.Logger [main] –ü–µ—Ä–µ—à–ª–∏ –≤ –ø—Ä–æ—Ñ–∏–ª—å
2022-08-23 22:45:39,455 INFO h.Logger [main] –ü—Ä–æ–∏–∑–≤–µ–ª–∏ –∞–≤—Ç–æ—Ä–∏–∑–∞—Ü–∏—é –Ω–∞ —Å–∞–π—Ç–µ Otus
2022-08-23 22:45:50,304 INFO h.Logger [main] –ü–µ—Ä–µ—à–ª–∏ –≤ –ø—Ä–æ—Ñ–∏–ª—å
2022-08-25 20:24:38,622 INFO h.Logger [main] –ü—Ä–æ–∏–∑–≤–µ–ª–∏ –∞–≤—Ç–æ—Ä–∏–∑–∞—Ü–∏—é –Ω–∞ —Å–∞–π—Ç–µ Otus
2022-08-25 20:24:50,364 INFO h.Logger [main] –ü–µ—Ä–µ—à–ª–∏ –≤ –ø—Ä–æ—Ñ–∏–ª—å
2022-08-25 20:26:11,954 INFO h.Logger [main] –ü—Ä–æ–∏–∑–≤–µ–ª–∏ –∞–≤—Ç–æ—Ä–∏–∑–∞—Ü–∏—é –Ω–∞ —Å–∞–π—Ç–µ Otus
2022-08-25 20:26:22,502 INFO h.Logger [main] –ü–µ—Ä–µ—à–ª–∏ –≤ –ø—Ä–æ—Ñ–∏–ª—å
2022-08-25 20:27:39,531 INFO h.Logger [main] –ü—Ä–æ–∏–∑–≤–µ–ª–∏ –∞–≤—Ç–æ—Ä–∏–∑–∞—Ü–∏—é –Ω–∞ —Å–∞–π—Ç–µ Otus
2022-08-25 20:27:50,835 INFO h.Logger [main] –ü–µ—Ä–µ—à–ª–∏ –≤ –ø—Ä–æ—Ñ–∏–ª—å
2022-08-25 20:29:50,733 INFO h.Logger [main] –ü—Ä–æ–∏–∑–≤–µ–ª–∏ –∞–≤—Ç–æ—Ä–∏–∑–∞—Ü–∏—é –Ω–∞ —Å–∞–π—Ç–µ Otus
2022-08-25 20:30:04,003 INFO h.Logger [main] –ü–µ—Ä–µ—à–ª–∏ –≤ –ø—Ä–æ—Ñ–∏–ª—å
2022-08-25 20:49:41,622 INFO h.Logger [main] –ü—Ä–æ–∏–∑–≤–µ–ª–∏ –∞–≤—Ç–æ—Ä–∏–∑–∞—Ü–∏—é –Ω–∞ —Å–∞–π—Ç–µ Otus
2022-08-25 20:49:51,817 INFO h.Logger [main] –ü–µ—Ä–µ—à–ª–∏ –≤ –ø—Ä–æ—Ñ–∏–ª—å
2022-08-25 20:59:46,127 INFO h.Logger [main] –ü—Ä–æ–∏–∑–≤–µ–ª–∏ –∞–≤—Ç–æ—Ä–∏–∑–∞—Ü–∏—é –Ω–∞ —Å–∞–π—Ç–µ Otus
2022-08-25 20:59:58,858 INFO h.Logger [main] –ü–µ—Ä–µ—à–ª–∏ –≤ –ø—Ä–æ—Ñ–∏–ª—å
2022-08-25 21:01:03,224 INFO h.Logger [main] –ü—Ä–æ–∏–∑–≤–µ–ª–∏ –∞–≤—Ç–æ—Ä–∏–∑–∞—Ü–∏—é –Ω–∞ —Å–∞–π—Ç–µ Otus
2022-08-25 21:01:14,491 INFO h.Logger [main] –ü–µ—Ä–µ—à–ª–∏ –≤ –ø—Ä–æ—Ñ–∏–ª—å
2022-08-25 21:06:46,212 INFO h.Logger [main] –ü—Ä–æ–∏–∑–≤–µ–ª–∏ –∞–≤—Ç–æ—Ä–∏–∑–∞—Ü–∏—é –Ω–∞ —Å–∞–π—Ç–µ Otus
2022-08-25 21:06:57,231 INFO h.Logger [main] –ü–µ—Ä–µ—à–ª–∏ –≤ –ø—Ä–æ—Ñ–∏–ª—å
2022-08-25 21:08:00,901 INFO h.Logger [main] –ü—Ä–æ–∏–∑–≤–µ–ª–∏ –∞–≤—Ç–æ—Ä–∏–∑–∞—Ü–∏—é –Ω–∞ —Å–∞–π—Ç–µ Otus
2022-08-25 21:08:11,911 INFO h.Logger [main] –ü–µ—Ä–µ—à–ª–∏ –≤ –ø—Ä–æ—Ñ–∏–ª—å
2022-08-25 21:11:17,537 INFO h.Logger [main] –ü—Ä–æ–∏–∑–≤–µ–ª–∏ –∞–≤—Ç–æ—Ä–∏–∑–∞—Ü–∏—é –Ω–∞ —Å–∞–π—Ç–µ Otus
2022-08-25 21:11:28,370 INFO h.Logger [main] –ü–µ—Ä–µ—à–ª–∏ –≤ –ø—Ä–æ—Ñ–∏–ª—å
2022-08-25 21:17:25,970 INFO h.Logger [main] –ü—Ä–æ–∏–∑–≤–µ–ª–∏ –∞–≤—Ç–æ—Ä–∏–∑–∞—Ü–∏—é –Ω–∞ —Å–∞–π—Ç–µ Otus
2022-08-25 21:17:37,780 INFO h.Logger [main] –ü–µ—Ä–µ—à–ª–∏ –≤ –ø—Ä–æ—Ñ–∏–ª—å
2022-08-25 21:20:55,919 INFO h.Logger [main] –ü—Ä–æ–∏–∑–≤–µ–ª–∏ –∞–≤—Ç–æ—Ä–∏–∑–∞—Ü–∏—é –Ω–∞ —Å–∞–π—Ç–µ Otus
2022-08-25 21:21:06,404 INFO h.Logger [main] –ü–µ—Ä–µ—à–ª–∏ –≤ –ø—Ä–æ—Ñ–∏–ª—å
2022-08-27 16:04:43,575 INFO h.Logger [main] –ü—Ä–æ–∏–∑–≤–µ–ª–∏ –∞–≤—Ç–æ—Ä–∏–∑–∞—Ü–∏—é –Ω–∞ —Å–∞–π—Ç–µ Otus
2022-08-27 16:04:52,798 INFO h.Logger [main] –ü–µ—Ä–µ—à–ª–∏ –≤ –ø—Ä–æ—Ñ–∏–ª—å
2022-08-27 16:05:28,335 INFO h.Logger [main] –ü—Ä–æ–∏–∑–≤–µ–ª–∏ –∞–≤—Ç–æ—Ä–∏–∑–∞—Ü–∏—é –Ω–∞ —Å–∞–π—Ç–µ Otus
2022-08-27 16:05:39,034 INFO h.Logger [main] –ü–µ—Ä–µ—à–ª–∏ –≤ –ø—Ä–æ—Ñ–∏–ª—å
2022-08-27 16:06:38,644 INFO h.Logger [main] –ü—Ä–æ–∏–∑–≤–µ–ª–∏ –∞–≤—Ç–æ—Ä–∏–∑–∞—Ü–∏—é –Ω–∞ —Å–∞–π—Ç–µ Otus
2022-08-27 16:06:49,315 INFO h.Logger [main] –ü–µ—Ä–µ—à–ª–∏ –≤ –ø—Ä–æ—Ñ–∏–ª—å
2022-08-27 16:07:25,284 INFO h.Logger [main] –ü—Ä–æ–∏–∑–≤–µ–ª–∏ –∞–≤—Ç–æ—Ä–∏–∑–∞—Ü–∏—é –Ω–∞ —Å–∞–π—Ç–µ Otus
2022-08-27 16:07:36,779 INFO h.Logger [main] –ü–µ—Ä–µ—à–ª–∏ –≤ –ø—Ä–æ—Ñ–∏–ª—å
2022-08-27 16:10:22,233 INFO h.Logger [main] –ü—Ä–æ–∏–∑–≤–µ–ª–∏ –∞–≤—Ç–æ—Ä–∏–∑–∞—Ü–∏—é –Ω–∞ —Å–∞–π—Ç–µ Otus
2022-08-27 16:10:33,390 INFO h.Logger [main] –ü–µ—Ä–µ—à–ª–∏ –≤ –ø—Ä–æ—Ñ–∏–ª—å
2022-08-27 16:12:33,853 INFO h.Logger [main] –ü—Ä–æ–∏–∑–≤–µ–ª–∏ –∞–≤—Ç–æ—Ä–∏–∑–∞—Ü–∏—é –Ω–∞ —Å–∞–π—Ç–µ Otus
2022-08-27 16:12:44,621 INFO h.Logger [main] –ü–µ—Ä–µ—à–ª–∏ –≤ –ø—Ä–æ—Ñ–∏–ª—å
2022-08-27 16:14:59,074 INFO h.Logger [main] –ü—Ä–æ–∏–∑–≤–µ–ª–∏ –∞–≤—Ç–æ—Ä–∏–∑–∞—Ü–∏—é –Ω–∞ —Å–∞–π—Ç–µ Otus
2022-08-27 16:15:10,166 INFO h.Logger [main] –ü–µ—Ä–µ—à–ª–∏ –≤ –ø—Ä–æ—Ñ–∏–ª—å
2022-08-27 16:16:16,141 INFO h.Logger [main] –ü—Ä–æ–∏–∑–≤–µ–ª–∏ –∞–≤—Ç–æ—Ä–∏–∑–∞—Ü–∏—é –Ω–∞ —Å–∞–π—Ç–µ Otus
2022-08-27 16:16:26,908 INFO h.Logger [main] –ü–µ—Ä–µ—à–ª–∏ –≤ –ø—Ä–æ—Ñ–∏–ª—å
2022-08-27 16:19:33,052 INFO h.Logger [main] –ü—Ä–æ–∏–∑–≤–µ–ª–∏ –∞–≤—Ç–æ—Ä–∏–∑–∞—Ü–∏—é –Ω–∞ —Å–∞–π—Ç–µ Otus
2022-08-27 16:19:41,952 INFO h.Logger [main] –ü–µ—Ä–µ—à–ª–∏ –≤ –ø—Ä–æ—Ñ–∏–ª—å
2022-08-27 16:21:08,562 INFO h.Logger [main] –ü—Ä–æ–∏–∑–≤–µ–ª–∏ –∞–≤—Ç–æ—Ä–∏–∑–∞—Ü–∏—é –Ω–∞ —Å–∞–π—Ç–µ Otus
2022-08-27 16:21:52,091 INFO h.Logger [main] –ü—Ä–æ–∏–∑–≤–µ–ª–∏ –∞–≤—Ç–æ—Ä–∏–∑–∞—Ü–∏—é –Ω–∞ —Å–∞–π—Ç–µ Otus
2022-08-27 16:22:02,588 INFO h.Logger [main] –ü–µ—Ä–µ—à–ª–∏ –≤ –ø—Ä–æ—Ñ–∏–ª—å
2022-08-27 16:22:54,872 INFO h.Logger [main] –ü—Ä–æ–∏–∑–≤–µ–ª–∏ –∞–≤—Ç–æ—Ä–∏–∑–∞—Ü–∏—é –Ω–∞ —Å–∞–π—Ç–µ Otus
2022-08-27 16:23:05,852 INFO h.Logger [main] –ü–µ—Ä–µ—à–ª–∏ –≤ –ø—Ä–æ—Ñ–∏–ª—å
2022-08-27 16:24:20,051 INFO h.Logger [main] –ü—Ä–æ–∏–∑–≤–µ–ª–∏ –∞–≤—Ç–æ—Ä–∏–∑–∞—Ü–∏—é –Ω–∞ —Å–∞–π—Ç–µ Otus
2022-08-27 16:24:33,564 INFO h.Logger [main] –ü–µ—Ä–µ—à–ª–∏ –≤ –ø—Ä–æ—Ñ–∏–ª—å
2022-08-27 16:37:54,001 INFO h.Logger [main] –ü—Ä–æ–∏–∑–≤–µ–ª–∏ –∞–≤—Ç–æ—Ä–∏–∑–∞—Ü–∏—é –Ω–∞ —Å–∞–π—Ç–µ Otus
2022-08-27 16:38:04,595 INFO h.Logger [main] –ü–µ—Ä–µ—à–ª–∏ –≤ –ø—Ä–æ—Ñ–∏–ª—å
2022-08-27 16:44:44,553 INFO h.Logger [main] –ü—Ä–æ–∏–∑–≤–µ–ª–∏ –∞–≤—Ç–æ—Ä–∏–∑–∞—Ü–∏—é –Ω–∞ —Å–∞–π—Ç–µ Otus
2022-08-27 16:44:55,522 INFO h.Logger [main] –ü–µ—Ä–µ—à–ª–∏ –≤ –ø—Ä–æ—Ñ–∏–ª—å
2022-08-27 16:53:34,110 INFO h.Logger [main] –ü—Ä–æ–∏–∑–≤–µ–ª–∏ –∞–≤—Ç–æ—Ä–∏–∑–∞—Ü–∏—é –Ω–∞ —Å–∞–π—Ç–µ Otus
2022-08-27 16:53:43,995 INFO h.Logger [main] –ü–µ—Ä–µ—à–ª–∏ –≤ –ø—Ä–æ—Ñ–∏–ª—å
2022-08-27 17:08:10,276 INFO h.Logger [main] –ü—Ä–æ–∏–∑–≤–µ–ª–∏ –∞–≤—Ç–æ—Ä–∏–∑–∞—Ü–∏—é –Ω–∞ —Å–∞–π—Ç–µ Otus
2022-08-27 17:08:23,072 INFO h.Logger [main] –ü–µ—Ä–µ—à–ª–∏ –≤ –ø—Ä–æ—Ñ–∏–ª—å
2022-08-27 17:09:40,692 INFO h.Logger [main] –ü—Ä–æ–∏–∑–≤–µ–ª–∏ –∞–≤—Ç–æ—Ä–∏–∑–∞—Ü–∏—é –Ω–∞ —Å–∞–π—Ç–µ Otus
2022-08-27 17:09:50,180 INFO h.Logger [main] –ü–µ—Ä–µ—à–ª–∏ –≤ –ø—Ä–æ—Ñ–∏–ª—å
2022-08-27 17:36:34,203 INFO h.Logger [main] –ü—Ä–æ–∏–∑–≤–µ–ª–∏ –∞–≤—Ç–æ—Ä–∏–∑–∞—Ü–∏—é –Ω–∞ —Å–∞–π—Ç–µ Otus
2022-08-27 17:36:43,526 INFO h.Logger [main] –ü–µ—Ä–µ—à–ª–∏ –≤ –ø—Ä–æ—Ñ–∏–ª—å
2022-08-27 17:38:55,657 INFO h.Logger [main] –ü—Ä–æ–∏–∑–≤–µ–ª–∏ –∞–≤—Ç–æ—Ä–∏–∑–∞—Ü–∏—é –Ω–∞ —Å–∞–π—Ç–µ Otus
2022-08-27 17:39:04,145 INFO h.Logger [main] –ü–µ—Ä–µ—à–ª–∏ –≤ –ø—Ä–æ—Ñ–∏–ª—å
2022-08-27 17:47:24,649 INFO h.Logger [main] –ü—Ä–æ–∏–∑–≤–µ–ª–∏ –∞–≤—Ç–æ—Ä–∏–∑–∞—Ü–∏—é –Ω–∞ —Å–∞–π—Ç–µ Otus
2022-08-27 17:47:33,708 INFO h.Logger [main] –ü–µ—Ä–µ—à–ª–∏ –≤ –ø—Ä–æ—Ñ–∏–ª—å
2022-08-27 17:50:41,707 INFO h.Logger [main] –ü—Ä–æ–∏–∑–≤–µ–ª–∏ –∞–≤—Ç–æ—Ä–∏–∑–∞—Ü–∏—é –Ω–∞ —Å–∞–π—Ç–µ Otus
2022-08-27 17:50:50,183 INFO h.Logger [main] –ü–µ—Ä–µ—à–ª–∏ –≤ –ø—Ä–æ—Ñ–∏–ª—å
2022-08-27 17:51:44,892 INFO h.Logger [main] –ü—Ä–æ–∏–∑–≤–µ–ª–∏ –∞–≤—Ç–æ—Ä–∏–∑–∞—Ü–∏—é –Ω–∞ —Å–∞–π—Ç–µ Otus
2022-08-27 17:51:55,213 INFO h.Logger [main] –ü–µ—Ä–µ—à–ª–∏ –≤ –ø—Ä–æ—Ñ–∏–ª—å
2022-08-28 15:58:15,646 INFO h.Logger [main] –ü—Ä–æ–∏–∑–≤–µ–ª–∏ –∞–≤—Ç–æ—Ä–∏–∑–∞—Ü–∏—é –Ω–∞ —Å–∞–π—Ç–µ Otus
2022-08-28 15:58:22,694 INFO h.Logger [main] –ü–µ—Ä–µ—à–ª–∏ –≤ –ø—Ä–æ—Ñ–∏–ª—å
2022-08-28 16:01:01,233 INFO h.Logger [main] –ü—Ä–æ–∏–∑–≤–µ–ª–∏ –∞–≤—Ç–æ—Ä–∏–∑–∞—Ü–∏—é –Ω–∞ —Å–∞–π—Ç–µ Otus
2022-08-28 16:01:14,821 INFO h.Logger [main] –ü–µ—Ä–µ—à–ª–∏ –≤ –ø—Ä–æ—Ñ–∏–ª—å
2022-08-28 16:03:13,681 INFO h.Logger [main] –ü—Ä–æ–∏–∑–≤–µ–ª–∏ –∞–≤—Ç–æ—Ä–∏–∑–∞—Ü–∏—é –Ω–∞ —Å–∞–π—Ç–µ Otus
2022-08-28 16:03:23,205 INFO h.Logger [main] –ü–µ—Ä–µ—à–ª–∏ –≤ –ø—Ä–æ—Ñ–∏–ª—å
2022-08-28 16:06:23,290 INFO h.Logger [main] –ü—Ä–æ–∏–∑–≤–µ–ª–∏ –∞–≤—Ç–æ—Ä–∏–∑–∞—Ü–∏—é –Ω–∞ —Å–∞–π—Ç–µ Otus
2022-08-28 16:06:33,133 INFO h.Logger [main] –ü–µ—Ä–µ—à–ª–∏ –≤ –ø—Ä–æ—Ñ–∏–ª—å
2022-08-28 16:07:16,761 INFO h.Logger [main] –ü—Ä–æ–∏–∑–≤–µ–ª–∏ –∞–≤—Ç–æ—Ä–∏–∑–∞—Ü–∏—é –Ω–∞ —Å–∞–π—Ç–µ Otus
2022-08-28 16:07:28,166 INFO h.Logger [main] –ü–µ—Ä–µ—à–ª–∏ –≤ –ø—Ä–æ—Ñ–∏–ª—å
2022-08-28 16:14:36,556 INFO h.Logger [main] –ü—Ä–æ–∏–∑–≤–µ–ª–∏ –∞–≤—Ç–æ—Ä–∏–∑–∞—Ü–∏—é –Ω–∞ —Å–∞–π—Ç–µ Otus
2022-08-28 16:14:47,428 INFO h.Logger [main] –ü–µ—Ä–µ—à–ª–∏ –≤ –ø—Ä–æ—Ñ–∏–ª—å
2022-08-28 16:15:27,623 INFO h.Logger [main] –ü—Ä–æ–∏–∑–≤–µ–ª–∏ –∞–≤—Ç–æ—Ä–∏–∑–∞—Ü–∏—é –Ω–∞ —Å–∞–π—Ç–µ Otus
2022-08-28 16:15:36,829 INFO h.Logger [main] –ü–µ—Ä–µ—à–ª–∏ –≤ –ø—Ä–æ—Ñ–∏–ª—å
2022-08-28 16:16:42,794 INFO h.Logger [main] –ü—Ä–æ–∏–∑–≤–µ–ª–∏ –∞–≤—Ç–æ—Ä–∏–∑–∞—Ü–∏—é –Ω–∞ —Å–∞–π—Ç–µ Otus
2022-08-28 16:16:57,416 INFO h.Logger [main] –ü–µ—Ä–µ—à–ª–∏ –≤ –ø—Ä–æ—Ñ–∏–ª—å
2022-08-28 16:30:11,020 INFO h.Logger [main] –ü—Ä–æ–∏–∑–≤–µ–ª–∏ –∞–≤—Ç–æ—Ä–∏–∑–∞—Ü–∏—é –Ω–∞ —Å–∞–π—Ç–µ Otus
2022-08-28 16:30:21,363 INFO h.Logger [main] –ü–µ—Ä–µ—à–ª–∏ –≤ –ø—Ä–æ—Ñ–∏–ª—å
2022-08-28 16:34:22,727 INFO h.Logger [main] –ü—Ä–æ–∏–∑–≤–µ–ª–∏ –∞–≤—Ç–æ—Ä–∏–∑–∞—Ü–∏—é –Ω–∞ —Å–∞–π—Ç–µ Otus
2022-08-28 16:34:36,050 INFO h.Logger [main] –ü–µ—Ä–µ—à–ª–∏ –≤ –ø—Ä–æ—Ñ–∏–ª—å
2022-08-28 16:50:32,405 INFO h.Logger [main] –ü—Ä–æ–∏–∑–≤–µ–ª–∏ –∞–≤—Ç–æ—Ä–∏–∑–∞—Ü–∏—é –Ω–∞ —Å–∞–π—Ç–µ Otus
2022-08-28 16:50:41,980 INFO h.Logger [main] –ü–µ—Ä–µ—à–ª–∏ –≤ –ø—Ä–æ—Ñ–∏–ª—å
2022-08-28 16:53:12,180 INFO h.Logger [main] –ü—Ä–æ–∏–∑–≤–µ–ª–∏ –∞–≤—Ç–æ—Ä–∏–∑–∞—Ü–∏—é –Ω–∞ —Å–∞–π—Ç–µ Otus
2022-08-28 16:53:23,519 INFO h.Logger [main] –ü–µ—Ä–µ—à–ª–∏ –≤ –ø—Ä–æ—Ñ–∏–ª—å
2022-08-28 16:54:12,682 INFO h.Logger [main] –ü—Ä–æ–∏–∑–≤–µ–ª–∏ –∞–≤—Ç–æ—Ä–∏–∑–∞—Ü–∏—é –Ω–∞ —Å–∞–π—Ç–µ Otus
2022-08-28 16:54:22,454 INFO h.Logger [main] –ü–µ—Ä–µ—à–ª–∏ –≤ –ø—Ä–æ—Ñ–∏–ª—å
2022-08-28 17:04:17,045 INFO h.Logger [main] –ü—Ä–æ–∏–∑–≤–µ–ª–∏ –∞–≤—Ç–æ—Ä–∏–∑–∞—Ü–∏—é –Ω–∞ —Å–∞–π—Ç–µ Otus
2022-08-28 17:04:27,750 INFO h.Logger [main] –ü–µ—Ä–µ—à–ª–∏ –≤ –ø—Ä–æ—Ñ–∏–ª—å
2022-08-28 17:05:14,125 INFO h.Logger [main] –ü—Ä–æ–∏–∑–≤–µ–ª–∏ –∞–≤—Ç–æ—Ä–∏–∑–∞—Ü–∏—é –Ω–∞ —Å–∞–π—Ç–µ Otus
2022-08-28 17:05:21,459 INFO h.Logger [main] –ü–µ—Ä–µ—à–ª–∏ –≤ –ø—Ä–æ—Ñ–∏–ª—å
2022-08-28 17:15:57,022 INFO h.Logger [main] –ü—Ä–æ–∏–∑–≤–µ–ª–∏ –∞–≤—Ç–æ—Ä–∏–∑–∞—Ü–∏—é –Ω–∞ —Å–∞–π—Ç–µ Otus
2022-08-28 17:16:11,391 INFO h.Logger [main] –ü–µ—Ä–µ—à–ª–∏ –≤ –ø—Ä–æ—Ñ–∏–ª—å
2022-08-28 17:17:34,936 INFO h.Logger [main] –ü—Ä–æ–∏–∑–≤–µ–ª–∏ –∞–≤—Ç–æ—Ä–∏–∑–∞—Ü–∏—é –Ω–∞ —Å–∞–π—Ç–µ Otus
2022-08-28 17:17:44,613 INFO h.Logger [main] –ü–µ—Ä–µ—à–ª–∏ –≤ –ø—Ä–æ—Ñ–∏–ª—å
2022-08-28 17:20:49,391 INFO h.Logger [main] –ü—Ä–æ–∏–∑–≤–µ–ª–∏ –∞–≤—Ç–æ—Ä–∏–∑–∞—Ü–∏—é –Ω–∞ —Å–∞–π—Ç–µ Otus
2022-08-28 17:20:57,285 INFO h.Logger [main] –ü–µ—Ä–µ—à–ª–∏ –≤ –ø—Ä–æ—Ñ–∏–ª—å
2022-08-28 17:24:21,100 INFO h.Logger [main] –ü—Ä–æ–∏–∑–≤–µ–ª–∏ –∞–≤—Ç–æ—Ä–∏–∑–∞—Ü–∏—é –Ω–∞ —Å–∞–π—Ç–µ Otus
2022-08-28 17:24:52,128 INFO h.Logger [main] –ü–µ—Ä–µ—à–ª–∏ –≤ –ø—Ä–æ—Ñ–∏–ª—å
2022-08-28 17:25:41,454 INFO h.Logger [main] –ü—Ä–æ–∏–∑–≤–µ–ª–∏ –∞–≤—Ç–æ—Ä–∏–∑–∞—Ü–∏—é –Ω–∞ —Å–∞–π—Ç–µ Otus
2022-08-28 17:26:01,667 INFO h.Logger [main] –ü–µ—Ä–µ—à–ª–∏ –≤ –ø—Ä–æ—Ñ–∏–ª—å
2022-08-28 17:27:03,102 INFO h.Logger [main] –ü—Ä–æ–∏–∑–≤–µ–ª–∏ –∞–≤—Ç–æ—Ä–∏–∑–∞—Ü–∏—é –Ω–∞ —Å–∞–π—Ç–µ Otus
2022-08-28 17:27:19,987 INFO h.Logger [main] –ü–µ—Ä–µ—à–ª–∏ –≤ –ø—Ä–æ—Ñ–∏–ª—å
2022-08-28 17:29:09,103 INFO h.Logger [main] –ü—Ä–æ–∏–∑–≤–µ–ª–∏ –∞–≤—Ç–æ—Ä–∏–∑–∞—Ü–∏—é –Ω–∞ —Å–∞–π—Ç–µ Otus
2022-08-28 17:29:16,977 INFO h.Logger [main] –ü–µ—Ä–µ—à–ª–∏ –≤ –ø—Ä–æ—Ñ–∏–ª—å
2022-08-28 17:30:24,500 INFO h.Logger [main] –ü—Ä–æ–∏–∑–≤–µ–ª–∏ –∞–≤—Ç–æ—Ä–∏–∑–∞—Ü–∏—é –Ω–∞ —Å–∞–π—Ç–µ Otus
2022-08-28 17:30:31,505 INFO h.Logger [main] –ü–µ—Ä–µ—à–ª–∏ –≤ –ø—Ä–æ—Ñ–∏–ª—å
2022-08-28 17:31:37,369 INFO h.Logger [main] –ü—Ä–æ–∏–∑–≤–µ–ª–∏ –∞–≤—Ç–æ—Ä–∏–∑–∞—Ü–∏—é –Ω–∞ —Å–∞–π—Ç–µ Otus
2022-08-28 17:31:44,467 INFO h.Logger [main] –ü–µ—Ä–µ—à–ª–∏ –≤ –ø—Ä–æ—Ñ–∏–ª—å
2022-08-28 17:32:53,151 INFO h.Logger [main] –ü—Ä–æ–∏–∑–≤–µ–ª–∏ –∞–≤—Ç–æ—Ä–∏–∑–∞—Ü–∏—é –Ω–∞ —Å–∞–π—Ç–µ Otus
2022-08-28 17:33:00,082 INFO h.Logger [main] –ü–µ—Ä–µ—à–ª–∏ –≤ –ø—Ä–æ—Ñ–∏–ª—å
2022-08-28 17:33:56,421 INFO h.Logger [main] –ü—Ä–æ–∏–∑–≤–µ–ª–∏ –∞–≤—Ç–æ—Ä–∏–∑–∞—Ü–∏—é –Ω–∞ —Å–∞–π—Ç–µ Otus
2022-08-28 17:34:04,266 INFO h.Logger [main] –ü–µ—Ä–µ—à–ª–∏ –≤ –ø—Ä–æ—Ñ–∏–ª—å
2022-08-28 17:35:30,309 INFO h.Logger [main] –ü—Ä–æ–∏–∑–≤–µ–ª–∏ –∞–≤—Ç–æ—Ä–∏–∑–∞—Ü–∏—é –Ω–∞ —Å–∞–π—Ç–µ Otus
2022-08-28 17:35:41,167 INFO h.Logger [main] –ü–µ—Ä–µ—à–ª–∏ –≤ –ø—Ä–æ—Ñ–∏–ª—å
2022-08-28 17:38:22,697 INFO h.Logger [main] –ü—Ä–æ–∏–∑–≤–µ–ª–∏ –∞–≤—Ç–æ—Ä–∏–∑–∞—Ü–∏—é –Ω–∞ —Å–∞–π—Ç–µ Otus
2022-08-28 17:38:29,338 INFO h.Logger [main] –ü–µ—Ä–µ—à–ª–∏ –≤ –ø—Ä–æ—Ñ–∏–ª—å
2022-08-28 17:47:01,442 INFO h.Logger [main] –ü—Ä–æ–∏–∑–≤–µ–ª–∏ –∞–≤—Ç–æ—Ä–∏–∑–∞—Ü–∏—é –Ω–∞ —Å–∞–π—Ç–µ Otus
2022-08-28 17:47:17,897 INFO h.Logger [main] –ü–µ—Ä–µ—à–ª–∏ –≤ –ø—Ä–æ—Ñ–∏–ª—å
2022-08-28 17:48:03,457 INFO h.Logger [main] –ü—Ä–æ–∏–∑–≤–µ–ª–∏ –∞–≤—Ç–æ—Ä–∏–∑–∞—Ü–∏—é –Ω–∞ —Å–∞–π—Ç–µ Otus
2022-08-28 17:48:10,306 INFO h.Logger [main] –ü–µ—Ä–µ—à–ª–∏ –≤ –ø—Ä–æ—Ñ–∏–ª—å
2022-08-28 17:48:31,305 INFO h.Logger [main] –ü—Ä–æ–∏–∑–≤–µ–ª–∏ –∞–≤—Ç–æ—Ä–∏–∑–∞—Ü–∏—é –Ω–∞ —Å–∞–π—Ç–µ Otus
2022-08-28 17:48:38,061 INFO h.Logger [main] –ü–µ—Ä–µ—à–ª–∏ –≤ –ø—Ä–æ—Ñ–∏–ª—å
2022-08-28 17:49:31,919 INFO h.Logger [main] –ü—Ä–æ–∏–∑–≤–µ–ª–∏ –∞–≤—Ç–æ—Ä–∏–∑–∞—Ü–∏—é –Ω–∞ —Å–∞–π—Ç–µ Otus
2022-08-28 17:49:38,373 INFO h.Logger [main] –ü–µ—Ä–µ—à–ª–∏ –≤ –ø—Ä–æ—Ñ–∏–ª—å
2022-08-28 17:50:09,641 INFO h.Logger [main] –ü—Ä–æ–∏–∑–≤–µ–ª–∏ –∞–≤—Ç–æ—Ä–∏–∑–∞—Ü–∏—é –Ω–∞ —Å–∞–π—Ç–µ Otus
2022-08-28 17:50:20,360 INFO h.Logger [main] –ü–µ—Ä–µ—à–ª–∏ –≤ –ø—Ä–æ—Ñ–∏–ª—å
2022-08-28 17:55:35,598 INFO h.Logger [main] –ü—Ä–æ–∏–∑–≤–µ–ª–∏ –∞–≤—Ç–æ—Ä–∏–∑–∞—Ü–∏—é –Ω–∞ —Å–∞–π—Ç–µ Otus
2022-08-28 17:55:44,064 INFO h.Logger [main] –ü–µ—Ä–µ—à–ª–∏ –≤ –ø—Ä–æ—Ñ–∏–ª—å
2022-08-28 17:57:48,587 INFO h.Logger [main] –ü—Ä–æ–∏–∑–≤–µ–ª–∏ –∞–≤—Ç–æ—Ä–∏–∑–∞—Ü–∏—é –Ω–∞ —Å–∞–π—Ç–µ Otus
2022-08-28 17:57:55,413 INFO h.Logger [main] –ü–µ—Ä–µ—à–ª–∏ –≤ –ø—Ä–æ—Ñ–∏–ª—å
2022-08-28 17:58:33,467 INFO h.Logger [main] –ü—Ä–æ–∏–∑–≤–µ–ª–∏ –∞–≤—Ç–æ—Ä–∏–∑–∞—Ü–∏—é –Ω–∞ —Å–∞–π—Ç–µ Otus
2022-08-28 17:58:42,361 INFO h.Logger [main] –ü–µ—Ä–µ—à–ª–∏ –≤ –ø—Ä–æ—Ñ–∏–ª—å
2022-08-28 18:03:49,552 INFO h.Logger [main] –ü—Ä–æ–∏–∑–≤–µ–ª–∏ –∞–≤—Ç–æ—Ä–∏–∑–∞—Ü–∏—é –Ω–∞ —Å–∞–π—Ç–µ Otus
2022-08-28 18:03:56,212 INFO h.Logger [main] –ü–µ—Ä–µ—à–ª–∏ –≤ –ø—Ä–æ—Ñ–∏–ª—å
2022-08-28 18:04:46,745 INFO h.Logger [main] –ü—Ä–æ–∏–∑–≤–µ–ª–∏ –∞–≤—Ç–æ—Ä–∏–∑–∞—Ü–∏—é –Ω–∞ —Å–∞–π—Ç–µ Otus
2022-08-28 18:04:53,033 INFO h.Logger [main] –ü–µ—Ä–µ—à–ª–∏ –≤ –ø—Ä–æ—Ñ–∏–ª—å
2022-08-28 18:06:05,948 INFO h.Logger [main] –ü—Ä–æ–∏–∑–≤–µ–ª–∏ –∞–≤—Ç–æ—Ä–∏–∑–∞—Ü–∏—é –Ω–∞ —Å–∞–π—Ç–µ Otus
2022-08-28 18:06:12,768 INFO h.Logger [main] –ü–µ—Ä–µ—à–ª–∏ –≤ –ø—Ä–æ—Ñ–∏–ª—å
2022-08-28 18:08:08,363 INFO h.Logger [main] –ü—Ä–æ–∏–∑–≤–µ–ª–∏ –∞–≤—Ç–æ—Ä–∏–∑–∞—Ü–∏—é –Ω–∞ —Å–∞–π—Ç–µ Otus
2022-08-28 18:08:14,702 INFO h.Logger [main] –ü–µ—Ä–µ—à–ª–∏ –≤ –ø—Ä–æ—Ñ–∏–ª—å
2022-08-28 18:09:23,567 INFO h.Logger [main] –ü—Ä–æ–∏–∑–≤–µ–ª–∏ –∞–≤—Ç–æ—Ä–∏–∑–∞—Ü–∏—é –Ω–∞ —Å–∞–π—Ç–µ Otus
2022-08-28 18:09:31,532 INFO h.Logger [main] –ü–µ—Ä–µ—à–ª–∏ –≤ –ø—Ä–æ—Ñ–∏–ª—å
2022-08-30 19:07:53,332 INFO h.Logger [main] –ü—Ä–æ–∏–∑–≤–µ–ª–∏ –∞–≤—Ç–æ—Ä–∏–∑–∞—Ü–∏—é –Ω–∞ —Å–∞–π—Ç–µ Otus
2022-08-30 19:08:01,097 INFO h.Logger [main] –ü–µ—Ä–µ—à–ª–∏ –≤ –ø—Ä–æ—Ñ–∏–ª—å
2022-08-30 19:11:03,351 INFO h.Logger [main] –ü—Ä–æ–∏–∑–≤–µ–ª–∏ –∞–≤—Ç–æ—Ä–∏–∑–∞—Ü–∏—é –Ω–∞ —Å–∞–π—Ç–µ Otus
2022-08-30 19:11:10,568 INFO h.Logger [main] –ü–µ—Ä–µ—à–ª–∏ –≤ –ø—Ä–æ—Ñ–∏–ª—å
2022-08-30 19:18:01,538 INFO h.Logger [main] –ü—Ä–æ–∏–∑–≤–µ–ª–∏ –∞–≤—Ç–æ—Ä–∏–∑–∞—Ü–∏—é –Ω–∞ —Å–∞–π—Ç–µ Otus
2022-08-30 19:18:12,634 INFO h.Logger [main] –ü–µ—Ä–µ—à–ª–∏ –≤ –ø—Ä–æ—Ñ–∏–ª—å
2022-08-30 20:39:28,285 INFO h.Logger [main] –ü—Ä–æ–∏–∑–≤–µ–ª–∏ –∞–≤—Ç–æ—Ä–∏–∑–∞—Ü–∏—é –Ω–∞ —Å–∞–π—Ç–µ Otus
2022-08-30 20:39:37,373 INFO h.Logger [main] –ü–µ—Ä–µ—à–ª–∏ –≤ –ø—Ä–æ—Ñ–∏–ª—å
2022-08-30 20:41:10,819 INFO h.Logger [main] –ü—Ä–æ–∏–∑–≤–µ–ª–∏ –∞–≤—Ç–æ—Ä–∏–∑–∞—Ü–∏—é –Ω–∞ —Å–∞–π—Ç–µ Otus
2022-08-30 20:41:17,632 INFO h.Logger [main] –ü–µ—Ä–µ—à–ª–∏ –≤ –ø—Ä–æ—Ñ–∏–ª—å
2022-08-30 20:41:51,924 INFO h.Logger [main] –ü—Ä–æ–∏–∑–≤–µ–ª–∏ –∞–≤—Ç–æ—Ä–∏–∑–∞—Ü–∏—é –Ω–∞ —Å–∞–π—Ç–µ Otus
2022-08-30 20:41:59,640 INFO h.Logger [main] –ü–µ—Ä–µ—à–ª–∏ –≤ –ø—Ä–æ—Ñ–∏–ª—å
2022-08-30 20:43:02,348 INFO h.Logger [main] –ü—Ä–æ–∏–∑–≤–µ–ª–∏ –∞–≤—Ç–æ—Ä–∏–∑–∞—Ü–∏—é –Ω–∞ —Å–∞–π—Ç–µ Otus
2022-08-30 20:43:10,743 INFO h.Logger [main] –ü–µ—Ä–µ—à–ª–∏ –≤ –ø—Ä–æ—Ñ–∏–ª—å
2022-09-01 12:30:19,809 INFO h.Logger [main] –ü—Ä–æ–∏–∑–≤–µ–ª–∏ –∞–≤—Ç–æ—Ä–∏–∑–∞—Ü–∏—é –Ω–∞ —Å–∞–π—Ç–µ Otus
2022-09-01 12:30:28,422 INFO h.Logger [main] –ü–µ—Ä–µ—à–ª–∏ –≤ –ø—Ä–æ—Ñ–∏–ª—å
2022-09-01 12:32:19,284 INFO h.Logger [main] –ü—Ä–æ–∏–∑–≤–µ–ª–∏ –∞–≤—Ç–æ—Ä–∏–∑–∞—Ü–∏—é –Ω–∞ —Å–∞–π—Ç–µ Otus
2022-09-01 12:32:28,617 INFO h.Logger [main] –ü–µ—Ä–µ—à–ª–∏ –≤ –ø—Ä–æ—Ñ–∏–ª—å
2022-09-01 12:33:29,477 INFO h.Logger [main] –ü—Ä–æ–∏–∑–≤–µ–ª–∏ –∞–≤—Ç–æ—Ä–∏–∑–∞—Ü–∏—é –Ω–∞ —Å–∞–π—Ç–µ Otus
2022-09-01 12:33:38,187 INFO h.Logger [main] –ü–µ—Ä–µ—à–ª–∏ –≤ –ø—Ä–æ—Ñ–∏–ª—å
2022-09-01 12:34:57,827 INFO h.Logger [main] –ü—Ä–æ–∏–∑–≤–µ–ª–∏ –∞–≤—Ç–æ—Ä–∏–∑–∞—Ü–∏—é –Ω–∞ —Å–∞–π—Ç–µ Otus
2022-09-01 12:35:07,056 INFO h.Logger [main] –ü–µ—Ä–µ—à–ª–∏ –≤ –ø—Ä–æ—Ñ–∏–ª—å
2022-09-01 12:37:23,976 INFO h.Logger [main] –ü—Ä–æ–∏–∑–≤–µ–ª–∏ –∞–≤—Ç–æ—Ä–∏–∑–∞—Ü–∏—é –Ω–∞ —Å–∞–π—Ç–µ Otus
2022-09-01 12:37:32,266 INFO h.Logger [main] –ü–µ—Ä–µ—à–ª–∏ –≤ –ø—Ä–æ—Ñ–∏–ª—å
2022-09-01 12:38:29,717 INFO h.Logger [main] –ü—Ä–æ–∏–∑–≤–µ–ª–∏ –∞–≤—Ç–æ—Ä–∏–∑–∞—Ü–∏—é –Ω–∞ —Å–∞–π—Ç–µ Otus
2022-09-01 12:38:38,648 INFO h.Logger [main] –ü–µ—Ä–µ—à–ª–∏ –≤ –ø—Ä–æ—Ñ–∏–ª—å
2022-09-01 12:44:57,947 INFO h.Logger [main] –ü—Ä–æ–∏–∑–≤–µ–ª–∏ –∞–≤—Ç–æ—Ä–∏–∑–∞—Ü–∏—é –Ω–∞ —Å–∞–π—Ç–µ Otus
2022-09-01 12:45:06,684 INFO h.Logger [main] –ü–µ—Ä–µ—à–ª–∏ –≤ –ø—Ä–æ—Ñ–∏–ª—å
2022-09-01 12:56:41,883 INFO h.Logger [main] –ü—Ä–æ–∏–∑–≤–µ–ª–∏ –∞–≤—Ç–æ—Ä–∏–∑–∞—Ü–∏—é –Ω–∞ —Å–∞–π—Ç–µ Otus
2022-09-01 12:56:53,196 INFO h.Logger [main] –ü–µ—Ä–µ—à–ª–∏ –≤ –ø—Ä–æ—Ñ–∏–ª—å
2022-09-01 12:57:59,060 INFO h.Logger [main] –ü—Ä–æ–∏–∑–≤–µ–ª–∏ –∞–≤—Ç–æ—Ä–∏–∑–∞—Ü–∏—é –Ω–∞ —Å–∞–π—Ç–µ Otus
2022-09-01 12:58:09,207 INFO h.Logger [main] –ü–µ—Ä–µ—à–ª–∏ –≤ –ø—Ä–æ—Ñ–∏–ª—å
2022-09-01 12:58:47,992 INFO h.Logger [main] –ü—Ä–æ–∏–∑–≤–µ–ª–∏ –∞–≤—Ç–æ—Ä–∏–∑–∞—Ü–∏—é –Ω–∞ —Å–∞–π—Ç–µ Otus
2022-09-01 12:58:58,031 INFO h.Logger [main] –ü–µ—Ä–µ—à–ª–∏ –≤ –ø—Ä–æ—Ñ–∏–ª—å
2022-09-01 12:59:48,093 INFO h.Logger [main] –ü—Ä–æ–∏–∑–≤–µ–ª–∏ –∞–≤—Ç–æ—Ä–∏–∑–∞—Ü–∏—é –Ω–∞ —Å–∞–π—Ç–µ Otus
2022-09-01 13:00:00,314 INFO h.Logger [main] –ü–µ—Ä–µ—à–ª–∏ –≤ –ø—Ä–æ—Ñ–∏–ª—å
2022-09-01 13:00:40,145 INFO h.Logger [main] –ü—Ä–æ–∏–∑–≤–µ–ª–∏ –∞–≤—Ç–æ—Ä–∏–∑–∞—Ü–∏—é –Ω–∞ —Å–∞–π—Ç–µ Otus
2022-09-01 13:00:50,479 INFO h.Logger [main] –ü–µ—Ä–µ—à–ª–∏ –≤ –ø—Ä–æ—Ñ–∏–ª—å
2022-09-01 13:02:59,081 INFO h.Logger [main] –ü—Ä–æ–∏–∑–≤–µ–ª–∏ –∞–≤—Ç–æ—Ä–∏–∑–∞—Ü–∏—é –Ω–∞ —Å–∞–π—Ç–µ Otus
2022-09-01 13:03:09,700 INFO h.Logger [main] –ü–µ—Ä–µ—à–ª–∏ –≤ –ø—Ä–æ—Ñ–∏–ª—å
2022-09-01 14:06:47,322 INFO h.Logger [main] –ü—Ä–æ–∏–∑–≤–µ–ª–∏ –∞–≤—Ç–æ—Ä–∏–∑–∞—Ü–∏—é –Ω–∞ —Å–∞–π—Ç–µ Otus
2022-09-01 14:06:57,704 INFO h.Logger [main] –ü–µ—Ä–µ—à–ª–∏ –≤ –ø—Ä–æ—Ñ–∏–ª—å
2022-09-01 14:19:23,090 INFO h.Logger [main] –ü—Ä–æ–∏–∑–≤–µ–ª–∏ –∞–≤—Ç–æ—Ä–∏–∑–∞—Ü–∏—é –Ω–∞ —Å–∞–π—Ç–µ Otus
2022-09-01 14:19:32,959 INFO h.Logger [main] –ü–µ—Ä–µ—à–ª–∏ –≤ –ø—Ä–æ—Ñ–∏–ª—å
2022-09-01 14:21:40,458 INFO h.Logger [main] –ü—Ä–æ–∏–∑–≤–µ–ª–∏ –∞–≤—Ç–æ—Ä–∏–∑–∞—Ü–∏—é –Ω–∞ —Å–∞–π—Ç–µ Otus
2022-09-01 14:21:51,127 INFO h.Logger [main] –ü–µ—Ä–µ—à–ª–∏ –≤ –ø—Ä–æ—Ñ–∏–ª—å
2022-09-01 14:23:50,348 INFO h.Logger [main] –ü—Ä–æ–∏–∑–≤–µ–ª–∏ –∞–≤—Ç–æ—Ä–∏–∑–∞—Ü–∏—é –Ω–∞ —Å–∞–π—Ç–µ Otus
2022-09-01 14:24:00,648 INFO h.Logger [main] –ü–µ—Ä–µ—à–ª–∏ –≤ –ø—Ä–æ—Ñ–∏–ª—å
2022-09-01 14:27:07,270 INFO h.Logger [main] –ü—Ä–æ–∏–∑–≤–µ–ª–∏ –∞–≤—Ç–æ—Ä–∏–∑–∞—Ü–∏—é –Ω–∞ —Å–∞–π—Ç–µ Otus
2022-09-01 14:27:20,546 INFO h.Logger [main] –ü–µ—Ä–µ—à–ª–∏ –≤ –ø—Ä–æ—Ñ–∏–ª—å
2022-09-01 14:45:04,285 INFO h.Logger [main] –ü—Ä–æ–∏–∑–≤–µ–ª–∏ –∞–≤—Ç–æ—Ä–∏–∑–∞—Ü–∏—é –Ω–∞ —Å–∞–π—Ç–µ Otus
2022-09-01 14:45:15,380 INFO h.Logger [main] –ü–µ—Ä–µ—à–ª–∏ –≤ –ø—Ä–æ—Ñ–∏–ª—å
2022-09-01 15:05:09,821 INFO h.Logger [main] –ü—Ä–æ–∏–∑–≤–µ–ª–∏ –∞–≤—Ç–æ—Ä–∏–∑–∞—Ü–∏—é –Ω–∞ —Å–∞–π—Ç–µ Otus
2022-09-01 15:05:18,669 INFO h.Logger [main] –ü–µ—Ä–µ—à–ª–∏ –≤ –ø—Ä–æ—Ñ–∏–ª—å
2022-09-01 15:08:17,372 INFO h.Logger [main] –ü—Ä–æ–∏–∑–≤–µ–ª–∏ –∞–≤—Ç–æ—Ä–∏–∑–∞—Ü–∏—é –Ω–∞ —Å–∞–π—Ç–µ Otus
2022-09-01 15:08:26,369 INFO h.Logger [main] –ü–µ—Ä–µ—à–ª–∏ –≤ –ø—Ä–æ—Ñ–∏–ª—å
2022-09-11 17:40:12,273 INFO h.Logger [main] –ü—Ä–æ–∏–∑–≤–µ–ª–∏ –∞–≤—Ç–æ—Ä–∏–∑–∞—Ü–∏—é –Ω–∞ —Å–∞–π—Ç–µ Otus
2022-09-11 17:40:20,010 INFO h.Logger [main] –ü–µ—Ä–µ—à–ª–∏ –≤ –ø—Ä–æ—Ñ–∏–ª—å
2022-09-11 17:56:29,723 INFO h.Logger [main] –ü—Ä–æ–∏–∑–≤–µ–ª–∏ –∞–≤—Ç–æ—Ä–∏–∑–∞—Ü–∏—é –Ω–∞ —Å–∞–π—Ç–µ Otus
2022-09-11 17:56:36,585 INFO h.Logger [main] –ü–µ—Ä–µ—à–ª–∏ –≤ –ø—Ä–æ—Ñ–∏–ª—å
2022-09-11 17:57:40,917 INFO h.Logger [main] –ü—Ä–æ–∏–∑–≤–µ–ª–∏ –∞–≤—Ç–æ—Ä–∏–∑–∞—Ü–∏—é –Ω–∞ —Å–∞–π—Ç–µ Otus
2022-09-11 17:57:50,882 INFO h.Logger [main] –ü–µ—Ä–µ—à–ª–∏ –≤ –ø—Ä–æ—Ñ–∏–ª—å
2022-09-11 17:58:18,012 INFO h.Logger [main] –ü—Ä–æ–∏–∑–≤–µ–ª–∏ –∞–≤—Ç–æ—Ä–∏–∑–∞—Ü–∏—é –Ω–∞ —Å–∞–π—Ç–µ Otus
2022-09-11 17:58:25,421 INFO h.Logger [main] –ü–µ—Ä–µ—à–ª–∏ –≤ –ø—Ä–æ—Ñ–∏–ª—å
2022-09-11 18:02:22,997 INFO h.Logger [main] –ü—Ä–æ–∏–∑–≤–µ–ª–∏ –∞–≤—Ç–æ—Ä–∏–∑–∞—Ü–∏—é –Ω–∞ —Å–∞–π—Ç–µ Otus
2022-09-11 18:02:29,084 INFO h.Logger [main] –ü–µ—Ä–µ—à–ª–∏ –≤ –ø—Ä–æ—Ñ–∏–ª—å
2022-09-11 18:18:54,004 INFO h.Logger [main] –ü—Ä–æ–∏–∑–≤–µ–ª–∏ –∞–≤—Ç–æ—Ä–∏–∑–∞—Ü–∏—é –Ω–∞ —Å–∞–π—Ç–µ Otus
2022-09-11 18:19:01,450 INFO h.Logger [main] –ü–µ—Ä–µ—à–ª–∏ –≤ –ø—Ä–æ—Ñ–∏–ª—å
2022-09-11 18:20:58,609 INFO h.Logger [main] –ü—Ä–æ–∏–∑–≤–µ–ª–∏ –∞–≤—Ç–æ—Ä–∏–∑–∞—Ü–∏—é –Ω–∞ —Å–∞–π—Ç–µ Otus
2022-09-11 18:21:05,110 INFO h.Logger [main] –ü–µ—Ä–µ—à–ª–∏ –≤ –ø—Ä–æ—Ñ–∏–ª—å
2022-09-11 19:14:35,329 INFO h.Logger [main] –ü—Ä–æ–∏–∑–≤–µ–ª–∏ –∞–≤—Ç–æ—Ä–∏–∑–∞—Ü–∏—é –Ω–∞ —Å–∞–π—Ç–µ Otus
2022-09-11 19:14:44,559 INFO h.Logger [main] –ü–µ—Ä–µ—à–ª–∏ –≤ –ø—Ä–æ—Ñ–∏–ª—å
2022-09-11 19:23:46,937 INFO h.Logger [main] –ü—Ä–æ–∏–∑–≤–µ–ª–∏ –∞–≤—Ç–æ—Ä–∏–∑–∞—Ü–∏—é –Ω–∞ —Å–∞–π—Ç–µ Otus
2022-09-11 19:23:54,419 INFO h.Logger [main] –ü–µ—Ä–µ—à–ª–∏ –≤ –ø—Ä–æ—Ñ–∏–ª—å
2022-09-11 19:30:43,797 INFO h.Logger [main] –ü—Ä–æ–∏–∑–≤–µ–ª–∏ –∞–≤—Ç–æ—Ä–∏–∑–∞—Ü–∏—é –Ω–∞ —Å–∞–π—Ç–µ Otus
2022-09-11 19:30:50,875 INFO h.Logger [main] –ü–µ—Ä–µ—à–ª–∏ –≤ –ø—Ä–æ—Ñ–∏–ª—å
2023-01-12 20:03:51,335 INFO h.Logger [main] –ü—Ä–æ–∏–∑–≤–µ–ª–∏ –∞–≤—Ç–æ—Ä–∏–∑–∞—Ü–∏—é –Ω–∞ —Å–∞–π—Ç–µ Otus
2023-01-12 20:05:32,580 INFO h.Logger [main] –ü—Ä–æ–∏–∑–≤–µ–ª–∏ –∞–≤—Ç–æ—Ä–∏–∑–∞—Ü–∏—é –Ω–∞ —Å–∞–π—Ç–µ Otus
2023-01-12 20:13:52,132 INFO h.Logger [main] –ü—Ä–æ–∏–∑–≤–µ–ª–∏ –∞–≤—Ç–æ—Ä–∏–∑–∞—Ü–∏—é –Ω–∞ —Å–∞–π—Ç–µ Otus
2023-01-12 20:16:15,580 INFO h.Logger [main] –ü—Ä–æ–∏–∑–≤–µ–ª–∏ –∞–≤—Ç–æ—Ä–∏–∑–∞—Ü–∏—é –Ω–∞ —Å–∞–π—Ç–µ Otus
2023-01-12 20:20:06,051 INFO h.Logger [main] –ü—Ä–æ–∏–∑–≤–µ–ª–∏ –∞–≤—Ç–æ—Ä–∏–∑–∞—Ü–∏—é –Ω–∞ —Å–∞–π—Ç–µ Otus
2023-01-12 20:20:55,010 INFO h.Logger [main] –ü—Ä–æ–∏–∑–≤–µ–ª–∏ –∞–≤—Ç–æ—Ä–∏–∑–∞—Ü–∏—é –Ω–∞ —Å–∞–π—Ç–µ Otus
2023-01-12 20:23:05,909 INFO h.Logger [main] –ü—Ä–æ–∏–∑–≤–µ–ª–∏ –∞–≤—Ç–æ—Ä–∏–∑–∞—Ü–∏—é –Ω–∞ —Å–∞–π—Ç–µ Otus
2023-01-12 20:23:51,322 INFO h.Logger [main] –ü—Ä–æ–∏–∑–≤–µ–ª–∏ –∞–≤—Ç–æ—Ä–∏–∑–∞—Ü–∏—é –Ω–∞ —Å–∞–π—Ç–µ Otus
2023-01-12 20:25:33,329 INFO h.Logger [main] –ü—Ä–æ–∏–∑–≤–µ–ª–∏ –∞–≤—Ç–æ—Ä–∏–∑–∞—Ü–∏—é –Ω–∞ —Å–∞–π—Ç–µ Otus
2023-01-12 20:38:35,319 INFO h.Logger [main] –ü—Ä–æ–∏–∑–≤–µ–ª–∏ –∞–≤—Ç–æ—Ä–∏–∑–∞—Ü–∏—é –Ω–∞ —Å–∞–π—Ç–µ Otus
2023-01-12 20:39:05,931 INFO h.Logger [main] –ü—Ä–æ–∏–∑–≤–µ–ª–∏ –∞–≤—Ç–æ—Ä–∏–∑–∞—Ü–∏—é –Ω–∞ —Å–∞–π—Ç–µ Otus
2023-01-12 20:41:18,287 INFO h.Logger [main] –ü—Ä–æ–∏–∑–≤–µ–ª–∏ –∞–≤—Ç–æ—Ä–∏–∑–∞—Ü–∏—é –Ω–∞ —Å–∞–π—Ç–µ Otus
2023-01-12 20:42:40,157 INFO h.Logger [main] –ü—Ä–æ–∏–∑–≤–µ–ª–∏ –∞–≤—Ç–æ—Ä–∏–∑–∞—Ü–∏—é –Ω–∞ —Å–∞–π—Ç–µ Otus
2023-01-13 21:29:12,448 INFO h.Logger [main] –ü—Ä–æ–∏–∑–≤–µ–ª–∏ –∞–≤—Ç–æ—Ä–∏–∑–∞—Ü–∏—é –Ω–∞ —Å–∞–π—Ç–µ Otus
2023-01-13 21:30:44,932 INFO h.Logger [main] –ü—Ä–æ–∏–∑–≤–µ–ª–∏ –∞–≤—Ç–æ—Ä–∏–∑–∞—Ü–∏—é –Ω–∞ —Å–∞–π—Ç–µ Otus
2023-01-13 21:33:13,160 INFO h.Logger [main] –ü—Ä–æ–∏–∑–≤–µ–ª–∏ –∞–≤—Ç–æ—Ä–∏–∑–∞—Ü–∏—é –Ω–∞ —Å–∞–π—Ç–µ Otus
2023-01-13 21:34:19,873 INFO h.Logger [main] –ü—Ä–æ–∏–∑–≤–µ–ª–∏ –∞–≤—Ç–æ—Ä–∏–∑–∞—Ü–∏—é –Ω–∞ —Å–∞–π—Ç–µ Otus
2023-01-13 21:39:13,523 INFO h.Logger [main] –ü—Ä–æ–∏–∑–≤–µ–ª–∏ –∞–≤—Ç–æ—Ä–∏–∑–∞—Ü–∏—é –Ω–∞ —Å–∞–π—Ç–µ Otus
2023-01-13 21:39:56,783 INFO h.Logger [main] –ü—Ä–æ–∏–∑–≤–µ–ª–∏ –∞–≤—Ç–æ—Ä–∏–∑–∞—Ü–∏—é –Ω–∞ —Å–∞–π—Ç–µ Otus
2023-01-13 21:40:36,865 INFO h.Logger [main] –ü—Ä–æ–∏–∑–≤–µ–ª–∏ –∞–≤—Ç–æ—Ä–∏–∑–∞—Ü–∏—é –Ω–∞ —Å–∞–π—Ç–µ Otus
2023-01-13 21:42:13,944 INFO h.Logger [main] –ü—Ä–æ–∏–∑–≤–µ–ª–∏ –∞–≤—Ç–æ—Ä–∏–∑–∞—Ü–∏—é –Ω–∞ —Å–∞–π—Ç–µ Otus
2023-01-13 21:52:57,487 INFO h.Logger [main] –ü—Ä–æ–∏–∑–≤–µ–ª–∏ –∞–≤—Ç–æ—Ä–∏–∑–∞—Ü–∏—é –Ω–∞ —Å–∞–π—Ç–µ Otus
2023-01-13 21:54:17,457 INFO h.Logger [main] –ü—Ä–æ–∏–∑–≤–µ–ª–∏ –∞–≤—Ç–æ—Ä–∏–∑–∞—Ü–∏—é –Ω–∞ —Å–∞–π—Ç–µ Otus
2023-01-13 21:55:09,045 INFO h.Logger [main] –ü—Ä–æ–∏–∑–≤–µ–ª–∏ –∞–≤—Ç–æ—Ä–∏–∑–∞—Ü–∏—é –Ω–∞ —Å–∞–π—Ç–µ Otus
2023-01-13 22:01:35,019 INFO h.Logger [main] –ü—Ä–æ–∏–∑–≤–µ–ª–∏ –∞–≤—Ç–æ—Ä–∏–∑–∞—Ü–∏—é –Ω–∞ —Å–∞–π—Ç–µ Otus
2023-01-13 22:07:54,268 INFO h.Logger [main] –ü—Ä–æ–∏–∑–≤–µ–ª–∏ –∞–≤—Ç–æ—Ä–∏–∑–∞—Ü–∏—é –Ω–∞ —Å–∞–π—Ç–µ Otus
2023-01-13 22:09:23,930 INFO h.Logger [main] –ü—Ä–æ–∏–∑–≤–µ–ª–∏ –∞–≤—Ç–æ—Ä–∏–∑–∞—Ü–∏—é –Ω–∞ —Å–∞–π—Ç–µ Otus
2023-01-13 22:14:48,403 INFO h.Logger [main] –ü—Ä–æ–∏–∑–≤–µ–ª–∏ –∞–≤—Ç–æ—Ä–∏–∑–∞—Ü–∏—é –Ω–∞ —Å–∞–π—Ç–µ Otus
2023-01-13 22:16:04,034 INFO h.Logger [main] –ü—Ä–æ–∏–∑–≤–µ–ª–∏ –∞–≤—Ç–æ—Ä–∏–∑–∞—Ü–∏—é –Ω–∞ —Å–∞–π—Ç–µ Otus
2023-01-13 22:25:47,526 INFO h.Logger [main] –ü—Ä–æ–∏–∑–≤–µ–ª–∏ –∞–≤—Ç–æ—Ä–∏–∑–∞—Ü–∏—é –Ω–∞ —Å–∞–π—Ç–µ Otus
2023-01-13 22:27:19,804 INFO h.Logger [main] –ü—Ä–æ–∏–∑–≤–µ–ª–∏ –∞–≤—Ç–æ—Ä–∏–∑–∞—Ü–∏—é –Ω–∞ —Å–∞–π—Ç–µ Otus
2023-01-13 22:29:26,834 INFO h.Logger [main] –ü—Ä–æ–∏–∑–≤–µ–ª–∏ –∞–≤—Ç–æ—Ä–∏–∑–∞—Ü–∏—é –Ω–∞ —Å–∞–π—Ç–µ Otus
2023-01-13 22:34:59,805 INFO h.Logger [main] –ü—Ä–æ–∏–∑–≤–µ–ª–∏ –∞–≤—Ç–æ—Ä–∏–∑–∞—Ü–∏—é –Ω–∞ —Å–∞–π—Ç–µ Otus
2023-01-13 22:36:49,051 INFO h.Logger [main] –ü—Ä–æ–∏–∑–≤–µ–ª–∏ –∞–≤—Ç–æ—Ä–∏–∑–∞—Ü–∏—é –Ω–∞ —Å–∞–π—Ç–µ Otus
2023-01-13 22:37:39,190 INFO h.Logger [main] –ü—Ä–æ–∏–∑–≤–µ–ª–∏ –∞–≤—Ç–æ—Ä–∏–∑–∞—Ü–∏—é –Ω–∞ —Å–∞–π—Ç–µ Otus
2023-01-13 22:38:15,042 INFO h.Logger [main] –ü—Ä–æ–∏–∑–≤–µ–ª–∏ –∞–≤—Ç–æ—Ä–∏–∑–∞—Ü–∏—é –Ω–∞ —Å–∞–π—Ç–µ Otus
2023-01-13 22:39:22,249 INFO h.Logger [main] –ü—Ä–æ–∏–∑–≤–µ–ª–∏ –∞–≤—Ç–æ—Ä–∏–∑–∞—Ü–∏—é –Ω–∞ —Å–∞–π—Ç–µ Otus
2023-01-13 22:40:29,436 INFO h.Logger [main] –ü—Ä–æ–∏–∑–≤–µ–ª–∏ –∞–≤—Ç–æ—Ä–∏–∑–∞—Ü–∏—é –Ω–∞ —Å–∞–π—Ç–µ Otus
2023-01-13 22:42:06,643 INFO h.Logger [main] –ü—Ä–æ–∏–∑–≤–µ–ª–∏ –∞–≤—Ç–æ—Ä–∏–∑–∞—Ü–∏—é –Ω–∞ —Å–∞–π—Ç–µ Otus
2023-01-13 22:43:33,035 INFO h.Logger [main] –ü—Ä–æ–∏–∑–≤–µ–ª–∏ –∞–≤—Ç–æ—Ä–∏–∑–∞—Ü–∏—é –Ω–∞ —Å–∞–π—Ç–µ Otus
2023-01-13 22:45:28,968 INFO h.Logger [main] –ü—Ä–æ–∏–∑–≤–µ–ª–∏ –∞–≤—Ç–æ—Ä–∏–∑–∞—Ü–∏—é –Ω–∞ —Å–∞–π—Ç–µ Otus
2023-01-13 22:46:34,664 INFO h.Logger [main] –ü—Ä–æ–∏–∑–≤–µ–ª–∏ –∞–≤—Ç–æ—Ä–∏–∑–∞—Ü–∏—é –Ω–∞ —Å–∞–π—Ç–µ Otus
2023-01-13 22:47:26,631 INFO h.Logger [main] –ü—Ä–æ–∏–∑–≤–µ–ª–∏ –∞–≤—Ç–æ—Ä–∏–∑–∞—Ü–∏—é –Ω–∞ —Å–∞–π—Ç–µ Otus
2023-01-13 22:48:47,296 INFO h.Logger [main] –ü—Ä–æ–∏–∑–≤–µ–ª–∏ –∞–≤—Ç–æ—Ä–∏–∑–∞—Ü–∏—é –Ω–∞ —Å–∞–π—Ç–µ Otus
2023-01-13 22:49:16,747 INFO h.Logger [main] –ü—Ä–æ–∏–∑–≤–µ–ª–∏ –∞–≤—Ç–æ—Ä–∏–∑–∞—Ü–∏—é –Ω–∞ —Å–∞–π—Ç–µ Otus
2023-01-15 13:51:51,426 INFO h.Logger [main] –ü—Ä–æ–∏–∑–≤–µ–ª–∏ –∞–≤—Ç–æ—Ä–∏–∑–∞—Ü–∏—é –Ω–∞ —Å–∞–π—Ç–µ Otus
2023-01-15 13:56:19,022 INFO h.Logger [main] –ü—Ä–æ–∏–∑–≤–µ–ª–∏ –∞–≤—Ç–æ—Ä–∏–∑–∞—Ü–∏—é –Ω–∞ —Å–∞–π—Ç–µ Otus
2023-01-15 14:03:23,926 INFO h.Logger [main] –ü—Ä–æ–∏–∑–≤–µ–ª–∏ –∞–≤—Ç–æ—Ä–∏–∑–∞—Ü–∏—é –Ω–∞ —Å–∞–π—Ç–µ Otus
2023-01-15 14:22:27,154 INFO h.Logger [main] –ü—Ä–æ–∏–∑–≤–µ–ª–∏ –∞–≤—Ç–æ—Ä–∏–∑–∞—Ü–∏—é –Ω–∞ —Å–∞–π—Ç–µ Otus
2023-01-15 14:27:37,284 INFO h.Logger [main] –ü—Ä–æ–∏–∑–≤–µ–ª–∏ –∞–≤—Ç–æ—Ä–∏–∑–∞—Ü–∏—é –Ω–∞ —Å–∞–π—Ç–µ Otus
2023-01-15 14:28:17,004 INFO h.Logger [main] –ü—Ä–æ–∏–∑–≤–µ–ª–∏ –∞–≤—Ç–æ—Ä–∏–∑–∞—Ü–∏—é –Ω–∞ —Å–∞–π—Ç–µ Otus
2023-01-15 14:29:46,563 INFO h.Logger [main] –ü—Ä–æ–∏–∑–≤–µ–ª–∏ –∞–≤—Ç–æ—Ä–∏–∑–∞—Ü–∏—é –Ω–∞ —Å–∞–π—Ç–µ Otus
2023-01-15 14:42:25,979 INFO h.Logger [main] –ü—Ä–æ–∏–∑–≤–µ–ª–∏ –∞–≤—Ç–æ—Ä–∏–∑–∞—Ü–∏—é –Ω–∞ —Å–∞–π—Ç–µ Otus
2023-01-15 14:42:44,504 INFO h.Logger [main] –ü—Ä–æ–∏–∑–≤–µ–ª–∏ –∞–≤—Ç–æ—Ä–∏–∑–∞—Ü–∏—é –Ω–∞ —Å–∞–π—Ç–µ Otus
2023-01-15 14:43:22,194 INFO h.Logger [main] –ü—Ä–æ–∏–∑–≤–µ–ª–∏ –∞–≤—Ç–æ—Ä–∏–∑–∞—Ü–∏—é –Ω–∞ —Å–∞–π—Ç–µ Otus
2023-01-15 14:44:03,337 INFO h.Logger [main] –ü—Ä–æ–∏–∑–≤–µ–ª–∏ –∞–≤—Ç–æ—Ä–∏–∑–∞—Ü–∏—é –Ω–∞ —Å–∞–π—Ç–µ Otus
2023-01-15 14:59:25,257 INFO h.Logger [main] –ü—Ä–æ–∏–∑–≤–µ–ª–∏ –∞–≤—Ç–æ—Ä–∏–∑–∞—Ü–∏—é –Ω–∞ —Å–∞–π—Ç–µ Otus
2023-01-15 15:04:44,355 INFO h.Logger [main] –ü—Ä–æ–∏–∑–≤–µ–ª–∏ –∞–≤—Ç–æ—Ä–∏–∑–∞—Ü–∏—é –Ω–∞ —Å–∞–π—Ç–µ Otus
2023-01-15 15:10:44,137 INFO h.Logger [main] –ü—Ä–æ–∏–∑–≤–µ–ª–∏ –∞–≤—Ç–æ—Ä–∏–∑–∞—Ü–∏—é –Ω–∞ —Å–∞–π—Ç–µ Otus
2023-01-15 15:12:24,436 INFO h.Logger [main] –ü—Ä–æ–∏–∑–≤–µ–ª–∏ –∞–≤—Ç–æ—Ä–∏–∑–∞—Ü–∏—é –Ω–∞ —Å–∞–π—Ç–µ Otus
2023-01-15 15:23:34,141 INFO h.Logger [main] –ü—Ä–æ–∏–∑–≤–µ–ª–∏ –∞–≤—Ç–æ—Ä–∏–∑–∞—Ü–∏—é –Ω–∞ —Å–∞–π—Ç–µ Otus
2023-01-15 15:26:14,106 INFO h.Logger [main] –ü—Ä–æ–∏–∑–≤–µ–ª–∏ –∞–≤—Ç–æ—Ä–∏–∑–∞—Ü–∏—é –Ω–∞ —Å–∞–π—Ç–µ Otus
2023-01-15 15:27:06,786 INFO h.Logger [main] –ü—Ä–æ–∏–∑–≤–µ–ª–∏ –∞–≤—Ç–æ—Ä–∏–∑–∞—Ü–∏—é –Ω–∞ —Å–∞–π—Ç–µ Otus
2023-01-15 15:27:39,350 INFO h.Logger [main] –ü—Ä–æ–∏–∑–≤–µ–ª–∏ –∞–≤—Ç–æ—Ä–∏–∑–∞—Ü–∏—é –Ω–∞ —Å–∞–π—Ç–µ Otus
2023-01-15 19:06:18,064 INFO h.Logger [main] –ü—Ä–æ–∏–∑–≤–µ–ª–∏ –∞–≤—Ç–æ—Ä–∏–∑–∞—Ü–∏—é –Ω–∞ —Å–∞–π—Ç–µ Otus
2023-01-15 19:07:28,697 INFO h.Logger [main] –ü—Ä–æ–∏–∑–≤–µ–ª–∏ –∞–≤—Ç–æ—Ä–∏–∑–∞—Ü–∏—é –Ω–∞ —Å–∞–π—Ç–µ Otus
2023-01-15 20:14:43,283 INFO h.Logger [main] –ü—Ä–æ–∏–∑–≤–µ–ª–∏ –∞–≤—Ç–æ—Ä–∏–∑–∞—Ü–∏—é –Ω–∞ —Å–∞–π—Ç–µ Otus
2023-01-15 20:15:44,309 INFO h.Logger [main] –ü—Ä–æ–∏–∑–≤–µ–ª–∏ –∞–≤—Ç–æ—Ä–∏–∑–∞—Ü–∏—é –Ω–∞ —Å–∞–π—Ç–µ Otus
2023-01-15 20:23:14,883 INFO h.Logger [main] –ü—Ä–æ–∏–∑–≤–µ–ª–∏ –∞–≤—Ç–æ—Ä–∏–∑–∞—Ü–∏—é –Ω–∞ —Å–∞–π—Ç–µ Otus
2023-01-15 21:19:48,984 INFO h.Logger [main] –ü—Ä–æ–∏–∑–≤–µ–ª–∏ –∞–≤—Ç–æ—Ä–∏–∑–∞—Ü–∏—é –Ω–∞ —Å–∞–π—Ç–µ Otus
2023-01-15 21:27:25,296 INFO h.Logger [main] –ü—Ä–æ–∏–∑–≤–µ–ª–∏ –∞–≤—Ç–æ—Ä–∏–∑–∞—Ü–∏—é –Ω–∞ —Å–∞–π—Ç–µ Otus
2023-01-15 21:29:35,999 INFO h.Logger [main] –ü—Ä–æ–∏–∑–≤–µ–ª–∏ –∞–≤—Ç–æ—Ä–∏–∑–∞—Ü–∏—é –Ω–∞ —Å–∞–π—Ç–µ Otus
2023-01-15 21:36:59,594 INFO h.Logger [main] –ü—Ä–æ–∏–∑–≤–µ–ª–∏ –∞–≤—Ç–æ—Ä–∏–∑–∞—Ü–∏—é –Ω–∞ —Å–∞–π—Ç–µ Otus
2023-01-15 21:38:43,595 INFO h.Logger [main] –ü—Ä–æ–∏–∑–≤–µ–ª–∏ –∞–≤—Ç–æ—Ä–∏–∑–∞—Ü–∏—é –Ω–∞ —Å–∞–π—Ç–µ Otus
2023-01-15 21:40:11,168 INFO h.Logger [main] –ü—Ä–æ–∏–∑–≤–µ–ª–∏ –∞–≤—Ç–æ—Ä–∏–∑–∞—Ü–∏—é –Ω–∞ —Å–∞–π—Ç–µ Otus
2023-01-15 21:41:30,306 INFO h.Logger [main] –ü—Ä–æ–∏–∑–≤–µ–ª–∏ –∞–≤—Ç–æ—Ä–∏–∑–∞—Ü–∏—é –Ω–∞ —Å–∞–π—Ç–µ Otus
2023-01-15 21:53:03,232 INFO h.Logger [main] –ü—Ä–æ–∏–∑–≤–µ–ª–∏ –∞–≤—Ç–æ—Ä–∏–∑–∞—Ü–∏—é –Ω–∞ —Å–∞–π—Ç–µ Otus
2023-01-15 21:54:03,233 INFO h.Logger [main] –ü—Ä–æ–∏–∑–≤–µ–ª–∏ –∞–≤—Ç–æ—Ä–∏–∑–∞—Ü–∏—é –Ω–∞ —Å–∞–π—Ç–µ Otus
2023-01-15 21:56:36,845 INFO h.Logger [main] –ü—Ä–æ–∏–∑–≤–µ–ª–∏ –∞–≤—Ç–æ—Ä–∏–∑–∞—Ü–∏—é –Ω–∞ —Å–∞–π—Ç–µ Otus
2023-01-15 21:57:09,137 INFO h.Logger [main] –ü—Ä–æ–∏–∑–≤–µ–ª–∏ –∞–≤—Ç–æ—Ä–∏–∑–∞—Ü–∏—é –Ω–∞ —Å–∞–π—Ç–µ Otus
2023-01-15 22:11:07,712 INFO h.Logger [main] –ü—Ä–æ–∏–∑–≤–µ–ª–∏ –∞–≤—Ç–æ—Ä–∏–∑–∞—Ü–∏—é –Ω–∞ —Å–∞–π—Ç–µ Otus
2023-01-15 22:12:31,062 INFO h.Logger [main] –ü—Ä–æ–∏–∑–≤–µ–ª–∏ –∞–≤—Ç–æ—Ä–∏–∑–∞—Ü–∏—é –Ω–∞ —Å–∞–π—Ç–µ Otus
2023-01-16 23:10:22,131 INFO h.Logger [main] –ü—Ä–æ–∏–∑–≤–µ–ª–∏ –∞–≤—Ç–æ—Ä–∏–∑–∞—Ü–∏—é –Ω–∞ —Å–∞–π—Ç–µ Otus
2023-01-16 23:11:17,324 INFO h.Logger [main] –ü—Ä–æ–∏–∑–≤–µ–ª–∏ –∞–≤—Ç–æ—Ä–∏–∑–∞—Ü–∏—é –Ω–∞ —Å–∞–π—Ç–µ Otus
2023-01-16 23:19:10,213 INFO h.Logger [main] –ü—Ä–æ–∏–∑–≤–µ–ª–∏ –∞–≤—Ç–æ—Ä–∏–∑–∞—Ü–∏—é –Ω–∞ —Å–∞–π—Ç–µ Otus
2023-01-16 23:22:00,311 INFO h.Logger [main] –ü—Ä–æ–∏–∑–≤–µ–ª–∏ –∞–≤—Ç–æ—Ä–∏–∑–∞—Ü–∏—é –Ω–∞ —Å–∞–π—Ç–µ Otus
2023-01-16 23:22:41,898 INFO h.Logger [main] –ü—Ä–æ–∏–∑–≤–µ–ª–∏ –∞–≤—Ç–æ—Ä–∏–∑–∞—Ü–∏—é –Ω–∞ —Å–∞–π—Ç–µ Otus
2023-01-16 23:41:07,705 INFO h.Logger [main] –ü—Ä–æ–∏–∑–≤–µ–ª–∏ –∞–≤—Ç–æ—Ä–∏–∑–∞—Ü–∏—é –Ω–∞ —Å–∞–π—Ç–µ Otus
2023-01-16 23:53:45,790 INFO h.Logger [main] –ü—Ä–æ–∏–∑–≤–µ–ª–∏ –∞–≤—Ç–æ—Ä–∏–∑–∞—Ü–∏—é –Ω–∞ —Å–∞–π—Ç–µ Otus
2023-01-16 23:55:28,165 INFO h.Logger [main] –ü—Ä–æ–∏–∑–≤–µ–ª–∏ –∞–≤—Ç–æ—Ä–∏–∑–∞—Ü–∏—é –Ω–∞ —Å–∞–π—Ç–µ Otus
2023-01-17 00:04:31,076 INFO h.Logger [main] –ü—Ä–æ–∏–∑–≤–µ–ª–∏ –∞–≤—Ç–æ—Ä–∏–∑–∞—Ü–∏—é –Ω–∞ —Å–∞–π—Ç–µ Otus
2023-01-17 00:08:46,909 INFO h.Logger [main] –ü—Ä–æ–∏–∑–≤–µ–ª–∏ –∞–≤—Ç–æ—Ä–∏–∑–∞—Ü–∏—é –Ω–∞ —Å–∞–π—Ç–µ Otus
2023-01-17 00:10:50,076 INFO h.Logger [main] –ü—Ä–æ–∏–∑–≤–µ–ª–∏ –∞–≤—Ç–æ—Ä–∏–∑–∞—Ü–∏—é –Ω–∞ —Å–∞–π—Ç–µ Otus
2023-01-17 00:15:14,842 INFO h.Logger [main] –ü—Ä–æ–∏–∑–≤–µ–ª–∏ –∞–≤—Ç–æ—Ä–∏–∑–∞—Ü–∏—é –Ω–∞ —Å–∞–π—Ç–µ Otus
2023-01-18 13:43:43,796 INFO h.Logger [main] –ü—Ä–æ–∏–∑–≤–µ–ª–∏ –∞–≤—Ç–æ—Ä–∏–∑–∞—Ü–∏—é –Ω–∞ —Å–∞–π—Ç–µ Otus
2023-01-20 21:20:12,420 INFO h.Logger [main] –ü—Ä–æ–∏–∑–≤–µ–ª–∏ –∞–≤—Ç–æ—Ä–∏–∑–∞—Ü–∏—é –Ω–∞ —Å–∞–π—Ç–µ Otus
2023-01-20 21:28:51,123 INFO h.Logger [main] –ü—Ä–æ–∏–∑–≤–µ–ª–∏ –∞–≤—Ç–æ—Ä–∏–∑–∞—Ü–∏—é –Ω–∞ —Å–∞–π—Ç–µ Otus
2023-01-20 21:32:08,695 INFO h.Logger [main] –ü—Ä–æ–∏–∑–≤–µ–ª–∏ –∞–≤—Ç–æ—Ä–∏–∑–∞—Ü–∏—é –Ω–∞ —Å–∞–π—Ç–µ Otus
2023-01-20 21:32:53,275 INFO h.Logger [main] –ü—Ä–æ–∏–∑–≤–µ–ª–∏ –∞–≤—Ç–æ—Ä–∏–∑–∞—Ü–∏—é –Ω–∞ —Å–∞–π—Ç–µ Otus
2023-01-20 21:38:16,386 INFO h.Logger [main] –ü—Ä–æ–∏–∑–≤–µ–ª–∏ –∞–≤—Ç–æ—Ä–∏–∑–∞—Ü–∏—é –Ω–∞ —Å–∞–π—Ç–µ Otus
2023-01-20 21:41:55,724 INFO h.Logger [main] –ü—Ä–æ–∏–∑–≤–µ–ª–∏ –∞–≤—Ç–æ—Ä–∏–∑–∞—Ü–∏—é –Ω–∞ —Å–∞–π—Ç–µ Otus
2023-01-20 21:48:42,001 INFO h.Logger [main] –ü—Ä–æ–∏–∑–≤–µ–ª–∏ –∞–≤—Ç–æ—Ä–∏–∑–∞—Ü–∏—é –Ω–∞ —Å–∞–π—Ç–µ Otus
2023-01-20 21:52:12,858 INFO h.Logger [main] –ü—Ä–æ–∏–∑–≤–µ–ª–∏ –∞–≤—Ç–æ—Ä–∏–∑–∞—Ü–∏—é –Ω–∞ —Å–∞–π—Ç–µ Otus
2023-01-20 21:54:09,238 INFO h.Logger [main] –ü—Ä–æ–∏–∑–≤–µ–ª–∏ –∞–≤—Ç–æ—Ä–∏–∑–∞—Ü–∏—é –Ω–∞ —Å–∞–π—Ç–µ Otus
2023-01-20 21:56:01,979 INFO h.Logger [main] –ü—Ä–æ–∏–∑–≤–µ–ª–∏ –∞–≤—Ç–æ—Ä–∏–∑–∞—Ü–∏—é –Ω–∞ —Å–∞–π—Ç–µ Otus
2023-01-20 22:00:11,548 INFO h.Logger [main] –ü—Ä–æ–∏–∑–≤–µ–ª–∏ –∞–≤—Ç–æ—Ä–∏–∑–∞—Ü–∏—é –Ω–∞ —Å–∞–π—Ç–µ Otus
2023-01-20 22:01:11,334 INFO h.Logger [main] –ü—Ä–æ–∏–∑–≤–µ–ª–∏ –∞–≤—Ç–æ—Ä–∏–∑–∞—Ü–∏—é –Ω–∞ —Å–∞–π—Ç–µ Otus
2023-01-20 22:05:36,513 INFO h.Logger [main] –ü—Ä–æ–∏–∑–≤–µ–ª–∏ –∞–≤—Ç–æ—Ä–∏–∑–∞—Ü–∏—é –Ω–∞ —Å–∞–π—Ç–µ Otus
2023-01-20 22:13:12,201 INFO h.Logger [main] –ü—Ä–æ–∏–∑–≤–µ–ª–∏ –∞–≤—Ç–æ—Ä–∏–∑–∞—Ü–∏—é –Ω–∞ —Å–∞–π—Ç–µ Otus
2023-01-20 22:14:05,792 INFO h.Logger [main] –ü—Ä–æ–∏–∑–≤–µ–ª–∏ –∞–≤—Ç–æ—Ä–∏–∑–∞—Ü–∏—é –Ω–∞ —Å–∞–π—Ç–µ Otus
2023-01-20 22:17:13,397 INFO h.Logger [main] –ü—Ä–æ–∏–∑–≤–µ–ª–∏ –∞–≤—Ç–æ—Ä–∏–∑–∞—Ü–∏—é –Ω–∞ —Å–∞–π—Ç–µ Otus
2023-01-20 22:19:36,842 INFO h.Logger [main] –ü—Ä–æ–∏–∑–≤–µ–ª–∏ –∞–≤—Ç–æ—Ä–∏–∑–∞—Ü–∏—é –Ω–∞ —Å–∞–π—Ç–µ Otus
2023-01-20 22:24:28,385 INFO h.Logger [main] –ü—Ä–æ–∏–∑–≤–µ–ª–∏ –∞–≤—Ç–æ—Ä–∏–∑–∞—Ü–∏—é –Ω–∞ —Å–∞–π—Ç–µ Otus
2023-01-20 22:29:47,609 INFO h.Logger [main] –ü—Ä–æ–∏–∑–≤–µ–ª–∏ –∞–≤—Ç–æ—Ä–∏–∑–∞—Ü–∏—é –Ω–∞ —Å–∞–π—Ç–µ Otus
2023-01-22 17:04:51,755 INFO h.Logger [main] –ü—Ä–æ–∏–∑–≤–µ–ª–∏ –∞–≤—Ç–æ—Ä–∏–∑–∞—Ü–∏—é –Ω–∞ —Å–∞–π—Ç–µ Otus
2023-01-22 17:06:39,368 INFO h.Logger [main] –ü—Ä–æ–∏–∑–≤–µ–ª–∏ –∞–≤—Ç–æ—Ä–∏–∑–∞—Ü–∏—é –Ω–∞ —Å–∞–π—Ç–µ Otus
2023-01-22 17:14:44,169 INFO h.Logger [main] –ü—Ä–æ–∏–∑–≤–µ–ª–∏ –∞–≤—Ç–æ—Ä–∏–∑–∞—Ü–∏—é –Ω–∞ —Å–∞–π—Ç–µ Otus
2023-01-22 17:18:58,248 INFO h.Logger [main] –ü—Ä–æ–∏–∑–≤–µ–ª–∏ –∞–≤—Ç–æ—Ä–∏–∑–∞—Ü–∏—é –Ω–∞ —Å–∞–π—Ç–µ Otus
2023-01-22 17:22:28,037 INFO h.Logger [main] –ü—Ä–æ–∏–∑–≤–µ–ª–∏ –∞–≤—Ç–æ—Ä–∏–∑–∞—Ü–∏—é –Ω–∞ —Å–∞–π—Ç–µ Otus
2023-01-22 17:23:00,508 INFO h.Logger [main] –ü—Ä–æ–∏–∑–≤–µ–ª–∏ –∞–≤—Ç–æ—Ä–∏–∑–∞—Ü–∏—é –Ω–∞ —Å–∞–π—Ç–µ Otus
2023-01-22 17:23:34,019 INFO h.Logger [main] –ü—Ä–æ–∏–∑–≤–µ–ª–∏ –∞–≤—Ç–æ—Ä–∏–∑–∞—Ü–∏—é –Ω–∞ —Å–∞–π—Ç–µ Otus
2023-01-22 17:25:18,628 INFO h.Logger [main] –ü—Ä–æ–∏–∑–≤–µ–ª–∏ –∞–≤—Ç–æ—Ä–∏–∑–∞—Ü–∏—é –Ω–∞ —Å–∞–π—Ç–µ Otus
2023-01-22 17:26:18,953 INFO h.Logger [main] –ü—Ä–æ–∏–∑–≤–µ–ª–∏ –∞–≤—Ç–æ—Ä–∏–∑–∞—Ü–∏—é –Ω–∞ —Å–∞–π—Ç–µ Otus
2023-01-22 17:27:27,751 INFO h.Logger [main] –ü—Ä–æ–∏–∑–≤–µ–ª–∏ –∞–≤—Ç–æ—Ä–∏–∑–∞—Ü–∏—é –Ω–∞ —Å–∞–π—Ç–µ Otus
2023-01-22 17:28:20,757 INFO h.Logger [main] –ü—Ä–æ–∏–∑–≤–µ–ª–∏ –∞–≤—Ç–æ—Ä–∏–∑–∞—Ü–∏—é –Ω–∞ —Å–∞–π—Ç–µ Otus
2023-01-22 17:58:18,074 INFO h.Logger [main] –ü—Ä–æ–∏–∑–≤–µ–ª–∏ –∞–≤—Ç–æ—Ä–∏–∑–∞—Ü–∏—é –Ω–∞ —Å–∞–π—Ç–µ Otus
2023-01-22 17:59:03,958 INFO h.Logger [main] –ü—Ä–æ–∏–∑–≤–µ–ª–∏ –∞–≤—Ç–æ—Ä–∏–∑–∞—Ü–∏—é –Ω–∞ —Å–∞–π—Ç–µ Otus
2023-01-22 18:04:51,041 INFO h.Logger [main] –ü—Ä–æ–∏–∑–≤–µ–ª–∏ –∞–≤—Ç–æ—Ä–∏–∑–∞—Ü–∏—é –Ω–∞ —Å–∞–π—Ç–µ Otus
2023-01-22 18:06:45,541 INFO h.Logger [main] –ü—Ä–æ–∏–∑–≤–µ–ª–∏ –∞–≤—Ç–æ—Ä–∏–∑–∞—Ü–∏—é –Ω–∞ —Å–∞–π—Ç–µ Otus
2023-01-22 18:17:41,072 INFO h.Logger [main] –ü—Ä–æ–∏–∑–≤–µ–ª–∏ –∞–≤—Ç–æ—Ä–∏–∑–∞—Ü–∏—é –Ω–∞ —Å–∞–π—Ç–µ Otus
2023-01-22 18:18:59,346 INFO h.Logger [main] –ü—Ä–æ–∏–∑–≤–µ–ª–∏ –∞–≤—Ç–æ—Ä–∏–∑–∞—Ü–∏—é –Ω–∞ —Å–∞–π—Ç–µ Otus
2023-01-22 18:19:35,686 INFO h.Logger [main] –ü—Ä–æ–∏–∑–≤–µ–ª–∏ –∞–≤—Ç–æ—Ä–∏–∑–∞—Ü–∏—é –Ω–∞ —Å–∞–π—Ç–µ Otus
2023-01-22 18:20:58,888 INFO h.Logger [main] –ü—Ä–æ–∏–∑–≤–µ–ª–∏ –∞–≤—Ç–æ—Ä–∏–∑–∞—Ü–∏—é –Ω–∞ —Å–∞–π—Ç–µ Otus
2023-01-22 18:25:07,541 INFO h.Logger [main] –ü—Ä–æ–∏–∑–≤–µ–ª–∏ –∞–≤—Ç–æ—Ä–∏–∑–∞—Ü–∏—é –Ω–∞ —Å–∞–π—Ç–µ Otus
2023-01-22 18:26:01,105 INFO h.Logger [main] –ü—Ä–æ–∏–∑–≤–µ–ª–∏ –∞–≤—Ç–æ—Ä–∏–∑–∞—Ü–∏—é –Ω–∞ —Å–∞–π—Ç–µ Otus
2023-01-22 18:26:42,655 INFO h.Logger [main] –ü—Ä–æ–∏–∑–≤–µ–ª–∏ –∞–≤—Ç–æ—Ä–∏–∑–∞—Ü–∏—é –Ω–∞ —Å–∞–π—Ç–µ Otus
2023-01-22 18:30:12,937 INFO h.Logger [main] –ü—Ä–æ–∏–∑–≤–µ–ª–∏ –∞–≤—Ç–æ—Ä–∏–∑–∞—Ü–∏—é –Ω–∞ —Å–∞–π—Ç–µ Otus
2023-01-22 18:31:45,171 INFO h.Logger [main] –ü—Ä–æ–∏–∑–≤–µ–ª–∏ –∞–≤—Ç–æ—Ä–∏–∑–∞—Ü–∏—é –Ω–∞ —Å–∞–π—Ç–µ Otus
2023-01-22 18:35:08,703 INFO h.Logger [main] –ü—Ä–æ–∏–∑–≤–µ–ª–∏ –∞–≤—Ç–æ—Ä–∏–∑–∞—Ü–∏—é –Ω–∞ —Å–∞–π—Ç–µ Otus
2023-01-22 18:36:15,036 INFO h.Logger [main] –ü—Ä–æ–∏–∑–≤–µ–ª–∏ –∞–≤—Ç–æ—Ä–∏–∑–∞—Ü–∏—é –Ω–∞ —Å–∞–π—Ç–µ Otus
2023-01-22 18:39:22,654 INFO h.Logger [main] –ü—Ä–æ–∏–∑–≤–µ–ª–∏ –∞–≤—Ç–æ—Ä–∏–∑–∞—Ü–∏—é –Ω–∞ —Å–∞–π—Ç–µ Otus
2023-01-22 18:39:57,063 INFO h.Logger [main] –ü—Ä–æ–∏–∑–≤–µ–ª–∏ –∞–≤—Ç–æ—Ä–∏–∑–∞—Ü–∏—é –Ω–∞ —Å–∞–π—Ç–µ Otus
2023-01-22 19:10:06,408 INFO h.Logger [main] –ü—Ä–æ–∏–∑–≤–µ–ª–∏ –∞–≤—Ç–æ—Ä–∏–∑–∞—Ü–∏—é –Ω–∞ —Å–∞–π—Ç–µ Otus
2023-01-22 19:11:21,722 INFO h.Logger [main] –ü—Ä–æ–∏–∑–≤–µ–ª–∏ –∞–≤—Ç–æ—Ä–∏–∑–∞—Ü–∏—é –Ω–∞ —Å–∞–π—Ç–µ Otus
2023-01-22 19:14:42,061 INFO h.Logger [main] –ü—Ä–æ–∏–∑–≤–µ–ª–∏ –∞–≤—Ç–æ—Ä–∏–∑–∞—Ü–∏—é –Ω–∞ —Å–∞–π—Ç–µ Otus
2023-01-22 19:18:50,241 INFO h.Logger [main] –ü—Ä–æ–∏–∑–≤–µ–ª–∏ –∞–≤—Ç–æ—Ä–∏–∑–∞—Ü–∏—é –Ω–∞ —Å–∞–π—Ç–µ Otus
2023-01-22 19:19:46,669 INFO h.Logger [main] –ü—Ä–æ–∏–∑–≤–µ–ª–∏ –∞–≤—Ç–æ—Ä–∏–∑–∞—Ü–∏—é –Ω–∞ —Å–∞–π—Ç–µ Otus
2023-01-22 19:26:36,645 INFO h.Logger [main] –ü—Ä–æ–∏–∑–≤–µ–ª–∏ –∞–≤—Ç–æ—Ä–∏–∑–∞—Ü–∏—é –Ω–∞ —Å–∞–π—Ç–µ Otus
2023-01-22 19:29:13,670 INFO h.Logger [main] –ü—Ä–æ–∏–∑–≤–µ–ª–∏ –∞–≤—Ç–æ—Ä–∏–∑–∞—Ü–∏—é –Ω–∞ —Å–∞–π—Ç–µ Otus
2023-01-22 19:31:17,875 INFO h.Logger [main] –ü—Ä–æ–∏–∑–≤–µ–ª–∏ –∞–≤—Ç–æ—Ä–∏–∑–∞—Ü–∏—é –Ω–∞ —Å–∞–π—Ç–µ Otus
2023-01-22 19:32:18,943 INFO h.Logger [main] –ü—Ä–æ–∏–∑–≤–µ–ª–∏ –∞–≤—Ç–æ—Ä–∏–∑–∞—Ü–∏—é –Ω–∞ —Å–∞–π—Ç–µ Otus
2023-01-22 19:33:15,878 INFO h.Logger [main] –ü—Ä–æ–∏–∑–≤–µ–ª–∏ –∞–≤—Ç–æ—Ä–∏–∑–∞—Ü–∏—é –Ω–∞ —Å–∞–π—Ç–µ Otus
2023-01-22 19:35:21,417 INFO h.Logger [main] –ü—Ä–æ–∏–∑–≤–µ–ª–∏ –∞–≤—Ç–æ—Ä–∏–∑–∞—Ü–∏—é –Ω–∞ —Å–∞–π—Ç–µ Otus
2023-01-22 19:37:18,286 INFO h.Logger [main] –ü—Ä–æ–∏–∑–≤–µ–ª–∏ –∞–≤—Ç–æ—Ä–∏–∑–∞—Ü–∏—é –Ω–∞ —Å–∞–π—Ç–µ Otus
2023-01-22 19:39:44,835 INFO h.Logger [main] –ü—Ä–æ–∏–∑–≤–µ–ª–∏ –∞–≤—Ç–æ—Ä–∏–∑–∞—Ü–∏—é –Ω–∞ —Å–∞–π—Ç–µ Otus
2023-01-22 19:48:13,857 INFO h.Logger [main] –ü—Ä–æ–∏–∑–≤–µ–ª–∏ –∞–≤—Ç–æ—Ä–∏–∑–∞—Ü–∏—é –Ω–∞ —Å–∞–π—Ç–µ Otus
2023-01-22 19:49:57,552 INFO h.Logger [main] –ü—Ä–æ–∏–∑–≤–µ–ª–∏ –∞–≤—Ç–æ—Ä–∏–∑–∞—Ü–∏—é –Ω–∞ —Å–∞–π—Ç–µ Otus
2023-01-22 19:52:36,722 INFO h.Logger [main] –ü—Ä–æ–∏–∑–≤–µ–ª–∏ –∞–≤—Ç–æ—Ä–∏–∑–∞—Ü–∏—é –Ω–∞ —Å–∞–π—Ç–µ Otus
2023-01-22 19:53:32,451 INFO h.Logger [main] –ü—Ä–æ–∏–∑–≤–µ–ª–∏ –∞–≤—Ç–æ—Ä–∏–∑–∞—Ü–∏—é –Ω–∞ —Å–∞–π—Ç–µ Otus
2023-01-22 20:03:27,077 INFO h.Logger [main] –ü—Ä–æ–∏–∑–≤–µ–ª–∏ –∞–≤—Ç–æ—Ä–∏–∑–∞—Ü–∏—é –Ω–∞ —Å–∞–π—Ç–µ Otus
2023-01-22 20:04:30,224 INFO h.Logger [main] –ü—Ä–æ–∏–∑–≤–µ–ª–∏ –∞–≤—Ç–æ—Ä–∏–∑–∞—Ü–∏—é –Ω–∞ —Å–∞–π—Ç–µ Otus
2023-01-22 20:08:14,390 INFO h.Logger [main] –ü—Ä–æ–∏–∑–≤–µ–ª–∏ –∞–≤—Ç–æ—Ä–∏–∑–∞—Ü–∏—é –Ω–∞ —Å–∞–π—Ç–µ Otus
2023-01-22 20:09:16,431 INFO h.Logger [main] –ü—Ä–æ–∏–∑–≤–µ–ª–∏ –∞–≤—Ç–æ—Ä–∏–∑–∞—Ü–∏—é –Ω–∞ —Å–∞–π—Ç–µ Otus
2023-01-22 20:14:01,871 INFO h.Logger [main] –ü—Ä–æ–∏–∑–≤–µ–ª–∏ –∞–≤—Ç–æ—Ä–∏–∑–∞—Ü–∏—é –Ω–∞ —Å–∞–π—Ç–µ Otus
2023-01-22 20:14:12,254 INFO h.Logger [main] –ü–µ—Ä–µ—à–ª–∏ –≤ –ø—Ä–æ—Ñ–∏–ª—å
2023-01-22 20:14:32,773 INFO h.Logger [main] –ó–∞–ø–æ–ª–Ω–∏–ª–∏ –ø—Ä–æ—Ñ–∏–ª—å
2023-01-22 20:14:39,538 INFO h.Logger [main] –û—Ç–∫—Ä—ã–ª–∏, —á–∏—Å—Ç—ã–π –±—Ä–∞—É–∑–µ—Ä –∏ –∞–≤—Ç–æ—Ä–∏–∑–æ–≤–∞–ª–∏—Å—å –≤ –£–ó
2023-01-22 20:14:53,512 INFO h.Logger [main] –ü–µ—Ä–µ—à–ª–∏ –≤ –ø—Ä–æ—Ñ–∏–ª—å, –∏ –ø—Ä–æ–≤–µ—Ä–∏–ª–∏ —Ä–∞–Ω–µ–µ –≤–≤–µ–¥–µ–Ω–Ω—ã–µ –¥–∞–Ω–Ω—ã–µ
2023-01-22 20:20:42,927 INFO h.Logger [main] œÓËÁ‚ÂÎË ‡‚ÚÓËÁ‡ˆË˛ Ì‡ Ò‡ÈÚÂ Otus
2023-01-23 09:55:44,087 INFO h.Logger [main] œÓËÁ‚ÂÎË ‡‚ÚÓËÁ‡ˆË˛ Ì‡ Ò‡ÈÚÂ Otus
2023-01-28 16:06:18,270 INFO h.Logger [main] –ü—Ä–æ–∏–∑–≤–µ–ª–∏ –∞–≤—Ç–æ—Ä–∏–∑–∞—Ü–∏—é –Ω–∞ —Å–∞–π—Ç–µ Otus
2023-01-28 16:06:28,468 INFO h.Logger [main] –ü–µ—Ä–µ—à–ª–∏ –≤ –ø—Ä–æ—Ñ–∏–ª—å
2023-01-28 16:24:03,489 INFO h.Logger [main] –ü—Ä–æ–∏–∑–≤–µ–ª–∏ –∞–≤—Ç–æ—Ä–∏–∑–∞—Ü–∏—é –Ω–∞ —Å–∞–π—Ç–µ Otus
2023-01-28 16:24:13,408 INFO h.Logger [main] –ü–µ—Ä–µ—à–ª–∏ –≤ –ø—Ä–æ—Ñ–∏–ª—å
2023-01-28 16:25:24,424 INFO h.Logger [main] –ü—Ä–æ–∏–∑–≤–µ–ª–∏ –∞–≤—Ç–æ—Ä–∏–∑–∞—Ü–∏—é –Ω–∞ —Å–∞–π—Ç–µ Otus
2023-01-28 16:25:35,125 INFO h.Logger [main] –ü–µ—Ä–µ—à–ª–∏ –≤ –ø—Ä–æ—Ñ–∏–ª—å
2023-01-28 16:27:48,841 INFO h.Logger [main] –ü—Ä–æ–∏–∑–≤–µ–ª–∏ –∞–≤—Ç–æ—Ä–∏–∑–∞—Ü–∏—é –Ω–∞ —Å–∞–π—Ç–µ Otus
2023-01-28 16:28:00,097 INFO h.Logger [main] –ü–µ—Ä–µ—à–ª–∏ –≤ –ø—Ä–æ—Ñ–∏–ª—å
2023-01-28 16:29:14,827 INFO h.Logger [main] –ü—Ä–æ–∏–∑–≤–µ–ª–∏ –∞–≤—Ç–æ—Ä–∏–∑–∞—Ü–∏—é –Ω–∞ —Å–∞–π—Ç–µ Otus
2023-01-28 16:29:28,739 INFO h.Logger [main] –ü–µ—Ä–µ—à–ª–∏ –≤ –ø—Ä–æ—Ñ–∏–ª—å
2023-01-28 16:30:04,880 INFO h.Logger [main] –ü—Ä–æ–∏–∑–≤–µ–ª–∏ –∞–≤—Ç–æ—Ä–∏–∑–∞—Ü–∏—é –Ω–∞ —Å–∞–π—Ç–µ Otus
2023-01-28 16:30:14,495 INFO h.Logger [main] –ü–µ—Ä–µ—à–ª–∏ –≤ –ø—Ä–æ—Ñ–∏–ª—å
2023-01-28 17:06:55,964 INFO h.Logger [main] –ü—Ä–æ–∏–∑–≤–µ–ª–∏ –∞–≤—Ç–æ—Ä–∏–∑–∞—Ü–∏—é –Ω–∞ —Å–∞–π—Ç–µ Otus
2023-01-28 17:07:05,592 INFO h.Logger [main] –ü–µ—Ä–µ—à–ª–∏ –≤ –ø—Ä–æ—Ñ–∏–ª—å
2023-01-28 17:07:13,577 INFO h.Logger [main] –ó–∞–ø–æ–ª–Ω–∏–ª–∏ –ø—Ä–æ—Ñ–∏–ª—å
2023-01-28 17:55:45,370 INFO h.Logger [main] –ü—Ä–æ–∏–∑–≤–µ–ª–∏ –∞–≤—Ç–æ—Ä–∏–∑–∞—Ü–∏—é –Ω–∞ —Å–∞–π—Ç–µ Otus
2023-01-28 17:55:57,049 INFO h.Logger [main] –ü–µ—Ä–µ—à–ª–∏ –≤ –ø—Ä–æ—Ñ–∏–ª—å
2023-01-28 17:56:06,709 INFO h.Logger [main] –ó–∞–ø–æ–ª–Ω–∏–ª–∏ –ø—Ä–æ—Ñ–∏–ª—å
2023-01-28 17:56:40,579 INFO h.Logger [main] –ü—Ä–æ–∏–∑–≤–µ–ª–∏ –∞–≤—Ç–æ—Ä–∏–∑–∞—Ü–∏—é –Ω–∞ —Å–∞–π—Ç–µ Otus
2023-01-28 17:56:50,777 INFO h.Logger [main] –ü–µ—Ä–µ—à–ª–∏ –≤ –ø—Ä–æ—Ñ–∏–ª—å
2023-01-28 17:56:59,375 INFO h.Logger [main] –ó–∞–ø–æ–ª–Ω–∏–ª–∏ –ø—Ä–æ—Ñ–∏–ª—å
2023-01-28 18:01:25,715 INFO h.Logger [main] –ü—Ä–æ–∏–∑–≤–µ–ª–∏ –∞–≤—Ç–æ—Ä–∏–∑–∞—Ü–∏—é –Ω–∞ —Å–∞–π—Ç–µ Otus
2023-01-28 18:01:36,688 INFO h.Logger [main] –ü–µ—Ä–µ—à–ª–∏ –≤ –ø—Ä–æ—Ñ–∏–ª—å
2023-01-28 18:04:38,819 INFO h.Logger [main] –ü—Ä–æ–∏–∑–≤–µ–ª–∏ –∞–≤—Ç–æ—Ä–∏–∑–∞—Ü–∏—é –Ω–∞ —Å–∞–π—Ç–µ Otus
2023-01-28 18:04:48,194 INFO h.Logger [main] –ü–µ—Ä–µ—à–ª–∏ –≤ –ø—Ä–æ—Ñ–∏–ª—å
2023-01-28 18:08:11,163 INFO h.Logger [main] –ü—Ä–æ–∏–∑–≤–µ–ª–∏ –∞–≤—Ç–æ—Ä–∏–∑–∞—Ü–∏—é –Ω–∞ —Å–∞–π—Ç–µ Otus
2023-01-28 18:08:21,724 INFO h.Logger [main] –ü–µ—Ä–µ—à–ª–∏ –≤ –ø—Ä–æ—Ñ–∏–ª—å
2023-01-28 18:08:30,881 INFO h.Logger [main] –ó–∞–ø–æ–ª–Ω–∏–ª–∏ –ø—Ä–æ—Ñ–∏–ª—å
2023-01-28 18:22:49,920 INFO h.Logger [main] –ü—Ä–æ–∏–∑–≤–µ–ª–∏ –∞–≤—Ç–æ—Ä–∏–∑–∞—Ü–∏—é –Ω–∞ —Å–∞–π—Ç–µ Otus
2023-01-28 18:22:59,147 INFO h.Logger [main] –ü–µ—Ä–µ—à–ª–∏ –≤ –ø—Ä–æ—Ñ–∏–ª—å
2023-01-28 18:23:07,480 INFO h.Logger [main] –ó–∞–ø–æ–ª–Ω–∏–ª–∏ –ø—Ä–æ—Ñ–∏–ª—å
2023-01-28 18:24:12,474 INFO h.Logger [main] –ü—Ä–æ–∏–∑–≤–µ–ª–∏ –∞–≤—Ç–æ—Ä–∏–∑–∞—Ü–∏—é –Ω–∞ —Å–∞–π—Ç–µ Otus
2023-01-28 18:24:25,388 INFO h.Logger [main] –ü–µ—Ä–µ—à–ª–∏ –≤ –ø—Ä–æ—Ñ–∏–ª—å
2023-01-28 18:24:32,325 INFO h.Logger [main] –ó–∞–ø–æ–ª–Ω–∏–ª–∏ –ø—Ä–æ—Ñ–∏–ª—å
2023-01-28 18:25:08,751 INFO h.Logger [main] –ü—Ä–æ–∏–∑–≤–µ–ª–∏ –∞–≤—Ç–æ—Ä–∏–∑–∞—Ü–∏—é –Ω–∞ —Å–∞–π—Ç–µ Otus
2023-01-28 18:25:18,033 INFO h.Logger [main] –ü–µ—Ä–µ—à–ª–∏ –≤ –ø—Ä–æ—Ñ–∏–ª—å
2023-01-28 18:25:27,367 INFO h.Logger [main] –ó–∞–ø–æ–ª–Ω–∏–ª–∏ –ø—Ä–æ—Ñ–∏–ª—å
2023-01-28 18:29:46,570 INFO h.Logger [main] –ü—Ä–æ–∏–∑–≤–µ–ª–∏ –∞–≤—Ç–æ—Ä–∏–∑–∞—Ü–∏—é –Ω–∞ —Å–∞–π—Ç–µ Otus
2023-01-28 18:29:55,316 INFO h.Logger [main] –ü–µ—Ä–µ—à–ª–∏ –≤ –ø—Ä–æ—Ñ–∏–ª—å
2023-01-28 18:29:58,662 INFO h.Logger [main] –ó–∞–ø–æ–ª–Ω–∏–ª–∏ –ø—Ä–æ—Ñ–∏–ª—å
2023-01-28 18:31:19,461 INFO h.Logger [main] –ü—Ä–æ–∏–∑–≤–µ–ª–∏ –∞–≤—Ç–æ—Ä–∏–∑–∞—Ü–∏—é –Ω–∞ —Å–∞–π—Ç–µ Otus
2023-01-28 18:31:28,795 INFO h.Logger [main] –ü–µ—Ä–µ—à–ª–∏ –≤ –ø—Ä–æ—Ñ–∏–ª—å
2023-01-28 18:31:32,302 INFO h.Logger [main] –ó–∞–ø–æ–ª–Ω–∏–ª–∏ –ø—Ä–æ—Ñ–∏–ª—å
2023-01-29 16:02:50,194 INFO h.Logger [main] –ü—Ä–æ–∏–∑–≤–µ–ª–∏ –∞–≤—Ç–æ—Ä–∏–∑–∞—Ü–∏—é –Ω–∞ —Å–∞–π—Ç–µ Otus
2023-01-29 16:02:58,475 INFO h.Logger [main] –ü–µ—Ä–µ—à–ª–∏ –≤ –ø—Ä–æ—Ñ–∏–ª—å
2023-01-29 16:03:01,249 INFO h.Logger [main] –ó–∞–ø–æ–ª–Ω–∏–ª–∏ –ø—Ä–æ—Ñ–∏–ª—å
2023-01-29 16:05:12,705 INFO h.Logger [main] –ü—Ä–æ–∏–∑–≤–µ–ª–∏ –∞–≤—Ç–æ—Ä–∏–∑–∞—Ü–∏—é –Ω–∞ —Å–∞–π—Ç–µ Otus
2023-01-29 16:05:20,935 INFO h.Logger [main] –ü–µ—Ä–µ—à–ª–∏ –≤ –ø—Ä–æ—Ñ–∏–ª—å
2023-01-29 16:05:23,989 INFO h.Logger [main] –ó–∞–ø–æ–ª–Ω–∏–ª–∏ –ø—Ä–æ—Ñ–∏–ª—å
2023-01-29 16:13:42,084 INFO h.Logger [main] –ü—Ä–æ–∏–∑–≤–µ–ª–∏ –∞–≤—Ç–æ—Ä–∏–∑–∞—Ü–∏—é –Ω–∞ —Å–∞–π—Ç–µ Otus
2023-01-29 16:13:49,780 INFO h.Logger [main] –ü–µ—Ä–µ—à–ª–∏ –≤ –ø—Ä–æ—Ñ–∏–ª—å
2023-01-29 16:13:52,906 INFO h.Logger [main] –ó–∞–ø–æ–ª–Ω–∏–ª–∏ –ø—Ä–æ—Ñ–∏–ª—å
2023-01-29 16:16:56,490 INFO h.Logger [main] –ü—Ä–æ–∏–∑–≤–µ–ª–∏ –∞–≤—Ç–æ—Ä–∏–∑–∞—Ü–∏—é –Ω–∞ —Å–∞–π—Ç–µ Otus
2023-01-29 16:17:05,798 INFO h.Logger [main] –ü–µ—Ä–µ—à–ª–∏ –≤ –ø—Ä–æ—Ñ–∏–ª—å
2023-01-29 16:17:08,693 INFO h.Logger [main] –ó–∞–ø–æ–ª–Ω–∏–ª–∏ –ø—Ä–æ—Ñ–∏–ª—å
2023-01-29 16:21:42,058 INFO h.Logger [main] –ü—Ä–æ–∏–∑–≤–µ–ª–∏ –∞–≤—Ç–æ—Ä–∏–∑–∞—Ü–∏—é –Ω–∞ —Å–∞–π—Ç–µ Otus
2023-01-29 16:21:50,264 INFO h.Logger [main] –ü–µ—Ä–µ—à–ª–∏ –≤ –ø—Ä–æ—Ñ–∏–ª—å
2023-01-29 16:27:25,698 INFO h.Logger [main] –ü—Ä–æ–∏–∑–≤–µ–ª–∏ –∞–≤—Ç–æ—Ä–∏–∑–∞—Ü–∏—é –Ω–∞ —Å–∞–π—Ç–µ Otus
2023-01-29 16:27:32,437 INFO h.Logger [main] –ü–µ—Ä–µ—à–ª–∏ –≤ –ø—Ä–æ—Ñ–∏–ª—å
2023-01-29 16:27:35,422 INFO h.Logger [main] –ó–∞–ø–æ–ª–Ω–∏–ª–∏ –ø—Ä–æ—Ñ–∏–ª—å
2023-01-29 16:34:57,310 INFO h.Logger [main] –ü—Ä–æ–∏–∑–≤–µ–ª–∏ –∞–≤—Ç–æ—Ä–∏–∑–∞—Ü–∏—é –Ω–∞ —Å–∞–π—Ç–µ Otus
2023-01-29 16:35:04,206 INFO h.Logger [main] –ü–µ—Ä–µ—à–ª–∏ –≤ –ø—Ä–æ—Ñ–∏–ª—å
2023-01-29 16:35:07,419 INFO h.Logger [main] –ó–∞–ø–æ–ª–Ω–∏–ª–∏ –ø—Ä–æ—Ñ–∏–ª—å
2023-01-29 16:35:59,456 INFO h.Logger [main] –ü—Ä–æ–∏–∑–≤–µ–ª–∏ –∞–≤—Ç–æ—Ä–∏–∑–∞—Ü–∏—é –Ω–∞ —Å–∞–π—Ç–µ Otus
2023-01-29 16:36:05,778 INFO h.Logger [main] –ü–µ—Ä–µ—à–ª–∏ –≤ –ø—Ä–æ—Ñ–∏–ª—å
2023-01-29 16:36:17,182 INFO h.Logger [main] –ó–∞–ø–æ–ª–Ω–∏–ª–∏ –ø—Ä–æ—Ñ–∏–ª—å
2023-01-29 16:37:44,453 INFO h.Logger [main] –ü—Ä–æ–∏–∑–≤–µ–ª–∏ –∞–≤—Ç–æ—Ä–∏–∑–∞—Ü–∏—é –Ω–∞ —Å–∞–π—Ç–µ Otus
2023-01-29 16:37:50,930 INFO h.Logger [main] –ü–µ—Ä–µ—à–ª–∏ –≤ –ø—Ä–æ—Ñ–∏–ª—å
2023-01-29 16:37:50,931 INFO h.Logger [main] –ó–∞–ø–æ–ª–Ω–∏–ª–∏ –ø—Ä–æ—Ñ–∏–ª—å
2023-01-29 16:37:56,891 INFO h.Logger [main] –û—Ç–∫—Ä—ã–ª–∏, —á–∏—Å—Ç—ã–π –±—Ä–∞—É–∑–µ—Ä –∏ –∞–≤—Ç–æ—Ä–∏–∑–æ–≤–∞–ª–∏—Å—å –≤ –£–ó
2023-01-29 16:38:04,700 INFO h.Logger [main] –ü–µ—Ä–µ—à–ª–∏ –≤ –ø—Ä–æ—Ñ–∏–ª—å, –∏ –ø—Ä–æ–≤–µ—Ä–∏–ª–∏ —Ä–∞–Ω–µ–µ –≤–≤–µ–¥–µ–Ω–Ω—ã–µ –¥–∞–Ω–Ω—ã–µ
2023-01-29 16:39:47,396 INFO h.Logger [main] –ü—Ä–æ–∏–∑–≤–µ–ª–∏ –∞–≤—Ç–æ—Ä–∏–∑–∞—Ü–∏—é –Ω–∞ —Å–∞–π—Ç–µ Otus
2023-01-29 16:40:00,753 INFO h.Logger [main] –ü–µ—Ä–µ—à–ª–∏ –≤ –ø—Ä–æ—Ñ–∏–ª—å
2023-01-29 16:40:00,753 INFO h.Logger [main] –ó–∞–ø–æ–ª–Ω–∏–ª–∏ –ø—Ä–æ—Ñ–∏–ª—å
2023-01-29 16:40:06,613 INFO h.Logger [main] –û—Ç–∫—Ä—ã–ª–∏, —á–∏—Å—Ç—ã–π –±—Ä–∞—É–∑–µ—Ä –∏ –∞–≤—Ç–æ—Ä–∏–∑–æ–≤–∞–ª–∏—Å—å –≤ –£–ó
2023-01-29 16:40:15,695 INFO h.Logger [main] –ü–µ—Ä–µ—à–ª–∏ –≤ –ø—Ä–æ—Ñ–∏–ª—å, –∏ –ø—Ä–æ–≤–µ—Ä–∏–ª–∏ —Ä–∞–Ω–µ–µ –≤–≤–µ–¥–µ–Ω–Ω—ã–µ –¥–∞–Ω–Ω—ã–µ
2023-01-29 20:40:37,031 INFO h.Logger [main] œÓËÁ‚ÂÎË ‡‚ÚÓËÁ‡ˆË˛ Ì‡ Ò‡ÈÚÂ Otus
2023-01-29 20:40:46,291 INFO h.Logger [main] œÂÂ¯ÎË ‚ ÔÓÙËÎ¸
2023-01-29 20:40:46,292 INFO h.Logger [main] «‡ÔÓÎÌËÎË ÔÓÙËÎ¸
2023-01-29 20:40:53,767 INFO h.Logger [main] ŒÚÍ˚ÎË, ˜ËÒÚ˚È ·‡ÛÁÂ Ë ‡‚ÚÓËÁÓ‚‡ÎËÒ¸ ‚ ”«
2023-01-29 20:41:06,672 INFO h.Logger [main] œÂÂ¯ÎË ‚ ÔÓÙËÎ¸, Ë ÔÓ‚ÂËÎË ‡ÌÂÂ ‚‚Â‰ÂÌÌ˚Â ‰‡ÌÌ˚Â
2023-01-29 21:24:03,613 INFO h.Logger [main] œÓËÁ‚ÂÎË ‡‚ÚÓËÁ‡ˆË˛ Ì‡ Ò‡ÈÚÂ Otus
2023-01-29 21:24:12,887 INFO h.Logger [main] œÂÂ¯ÎË ‚ ÔÓÙËÎ¸
2023-01-29 21:24:12,887 INFO h.Logger [main] «‡ÔÓÎÌËÎË ÔÓÙËÎ¸
2023-01-29 21:24:17,561 INFO h.Logger [main] ŒÚÍ˚ÎË, ˜ËÒÚ˚È ·‡ÛÁÂ Ë ‡‚ÚÓËÁÓ‚‡ÎËÒ¸ ‚ ”«
2023-01-29 21:24:25,916 INFO h.Logger [main] œÂÂ¯ÎË ‚ ÔÓÙËÎ¸, Ë ÔÓ‚ÂËÎË ‡ÌÂÂ ‚‚Â‰ÂÌÌ˚Â ‰‡ÌÌ˚Â
2023-01-29 21:30:30,249 INFO p.h.Logger [main] œÓËÁ‚ÂÎË ‡‚ÚÓËÁ‡ˆË˛ Ì‡ Ò‡ÈÚÂ Otus
2023-01-29 21:31:07,564 INFO p.h.Logger [main] œÂÂ¯ÎË ‚ ÔÓÙËÎ¸
2023-01-29 21:31:07,564 INFO p.h.Logger [main] «‡ÔÓÎÌËÎË ÔÓÙËÎ¸
2023-01-29 21:31:15,681 INFO p.h.Logger [main] ŒÚÍ˚ÎË, ˜ËÒÚ˚È ·‡ÛÁÂ Ë ‡‚ÚÓËÁÓ‚‡ÎËÒ¸ ‚ ”«
2023-01-29 21:31:24,496 INFO p.h.Logger [main] œÂÂ¯ÎË ‚ ÔÓÙËÎ¸, Ë ÔÓ‚ÂËÎË ‡ÌÂÂ ‚‚Â‰ÂÌÌ˚Â ‰‡ÌÌ˚Â
2023-01-31 22:26:43,751 INFO p.h.Logger [main] –ü—Ä–æ–∏–∑–≤–µ–ª–∏ –∞–≤—Ç–æ—Ä–∏–∑–∞—Ü–∏—é –Ω–∞ —Å–∞–π—Ç–µ Otus
2023-01-31 22:26:51,970 INFO p.h.Logger [main] –ü–µ—Ä–µ—à–ª–∏ –≤ –ø—Ä–æ—Ñ–∏–ª—å
2023-01-31 22:26:51,970 INFO p.h.Logger [main] –ó–∞–ø–æ–ª–Ω–∏–ª–∏ –ø—Ä–æ—Ñ–∏–ª—å
2023-01-31 22:26:57,003 INFO p.h.Logger [main] –û—Ç–∫—Ä—ã–ª–∏, —á–∏—Å—Ç—ã–π –±—Ä–∞—É–∑–µ—Ä –∏ –∞–≤—Ç–æ—Ä–∏–∑–æ–≤–∞–ª–∏—Å—å –≤ –£–ó
2023-01-31 22:27:06,350 INFO p.h.Logger [main] –ü–µ—Ä–µ—à–ª–∏ –≤ –ø—Ä–æ—Ñ–∏–ª—å, –∏ –ø—Ä–æ–≤–µ—Ä–∏–ª–∏ —Ä–∞–Ω–µ–µ –≤–≤–µ–¥–µ–Ω–Ω—ã–µ –¥–∞–Ω–Ω—ã–µ
2023-02-01 21:56:37,890 INFO p.h.Logger [main] –ü—Ä–æ–∏–∑–≤–µ–ª–∏ –∞–≤—Ç–æ—Ä–∏–∑–∞—Ü–∏—é –Ω–∞ —Å–∞–π—Ç–µ Otus
2023-02-01 21:56:49,454 INFO p.h.Logger [main] –ü–µ—Ä–µ—à–ª–∏ –≤ –ø—Ä–æ—Ñ–∏–ª—å
2023-02-01 21:56:49,455 INFO p.h.Logger [main] –ó–∞–ø–æ–ª–Ω–∏–ª–∏ –ø—Ä–æ—Ñ–∏–ª—å
2023-02-01 21:57:00,105 INFO p.h.Logger [main] –û—Ç–∫—Ä—ã–ª–∏, —á–∏—Å—Ç—ã–π –±—Ä–∞—É–∑–µ—Ä –∏ –∞–≤—Ç–æ—Ä–∏–∑–æ–≤–∞–ª–∏—Å—å –≤ –£–ó
2023-02-01 21:58:03,271 INFO p.h.Logger [main] œÓËÁ‚ÂÎË ‡‚ÚÓËÁ‡ˆË˛ Ì‡ Ò‡ÈÚÂ Otus
2023-02-01 21:58:14,785 INFO p.h.Logger [main] œÂÂ¯ÎË ‚ ÔÓÙËÎ¸
2023-02-01 21:58:14,789 INFO p.h.Logger [main] «‡ÔÓÎÌËÎË ÔÓÙËÎ¸
2023-02-01 21:58:25,462 INFO p.h.Logger [main] ŒÚÍ˚ÎË, ˜ËÒÚ˚È ·‡ÛÁÂ Ë ‡‚ÚÓËÁÓ‚‡ÎËÒ¸ ‚ ”«
2023-02-01 21:58:37,254 INFO p.h.Logger [main] œÂÂ¯ÎË ‚ ÔÓÙËÎ¸, Ë ÔÓ‚ÂËÎË ‡ÌÂÂ ‚‚Â‰ÂÌÌ˚Â ‰‡ÌÌ˚Â
2023-02-01 22:10:49,304 INFO p.h.Logger [main] œÓËÁ‚ÂÎË ‡‚ÚÓËÁ‡ˆË˛ Ì‡ Ò‡ÈÚÂ Otus
2023-02-01 22:11:00,384 INFO p.h.Logger [main] œÂÂ¯ÎË ‚ ÔÓÙËÎ¸
2023-02-01 22:12:27,298 INFO p.h.Logger [main] œÓËÁ‚ÂÎË ‡‚ÚÓËÁ‡ˆË˛ Ì‡ Ò‡ÈÚÂ Otus
2023-02-01 22:12:37,130 INFO p.h.Logger [main] œÂÂ¯ÎË ‚ ÔÓÙËÎ¸
2023-02-01 22:12:51,393 INFO p.h.Logger [main] «‡ÔÓÎÌËÎË ÔÓÙËÎ¸
2023-02-01 22:14:40,006 INFO p.h.Logger [main] ŒÚÍ˚ÎË, ˜ËÒÚ˚È ·‡ÛÁÂ Ë ‡‚ÚÓËÁÓ‚‡ÎËÒ¸ ‚ ”«
2023-02-01 22:14:55,305 INFO p.h.Logger [main] œÂÂ¯ÎË ‚ ÔÓÙËÎ¸, Ë ÔÓ‚ÂËÎË ‡ÌÂÂ ‚‚Â‰ÂÌÌ˚Â ‰‡ÌÌ˚Â
2023-02-01 22:15:48,554 INFO p.h.Logger [main] –ü—Ä–æ–∏–∑–≤–µ–ª–∏ –∞–≤—Ç–æ—Ä–∏–∑–∞—Ü–∏—é –Ω–∞ —Å–∞–π—Ç–µ Otus
2023-02-01 22:16:00,157 INFO p.h.Logger [main] –ü–µ—Ä–µ—à–ª–∏ –≤ –ø—Ä–æ—Ñ–∏–ª—å
2023-02-01 22:16:23,590 INFO p.h.Logger [main] –ó–∞–ø–æ–ª–Ω–∏–ª–∏ –ø—Ä–æ—Ñ–∏–ª—å
2023-02-01 22:16:32,412 INFO p.h.Logger [main] –û—Ç–∫—Ä—ã–ª–∏, —á–∏—Å—Ç—ã–π –±—Ä–∞—É–∑–µ—Ä –∏ –∞–≤—Ç–æ—Ä–∏–∑–æ–≤–∞–ª–∏—Å—å –≤ –£–ó
2023-02-01 22:16:45,058 INFO p.h.Logger [main] –ü–µ—Ä–µ—à–ª–∏ –≤ –ø—Ä–æ—Ñ–∏–ª—å, –∏ –ø—Ä–æ–≤–µ—Ä–∏–ª–∏ —Ä–∞–Ω–µ–µ –≤–≤–µ–¥–µ–Ω–Ω—ã–µ –¥–∞–Ω–Ω—ã–µ
2023-02-03 21:45:22,736 INFO h.Logger [main] –ü—Ä–æ–∏–∑–≤–µ–ª–∏ –∞–≤—Ç–æ—Ä–∏–∑–∞—Ü–∏—é –Ω–∞ —Å–∞–π—Ç–µ Otus
2023-02-03 21:45:37,053 INFO h.Logger [main] –ü–µ—Ä–µ—à–ª–∏ –≤ –ø—Ä–æ—Ñ–∏–ª—å
2023-02-03 21:47:53,049 INFO h.Logger [main] –ü—Ä–æ–∏–∑–≤–µ–ª–∏ –∞–≤—Ç–æ—Ä–∏–∑–∞—Ü–∏—é –Ω–∞ —Å–∞–π—Ç–µ Otus
2023-02-03 21:48:01,098 INFO h.Logger [main] –ü–µ—Ä–µ—à–ª–∏ –≤ –ø—Ä–æ—Ñ–∏–ª—å
2023-02-03 21:56:24,203 INFO h.Logger [main] –ü—Ä–æ–∏–∑–≤–µ–ª–∏ –∞–≤—Ç–æ—Ä–∏–∑–∞—Ü–∏—é –Ω–∞ —Å–∞–π—Ç–µ Otus
2023-02-03 21:56:33,336 INFO h.Logger [main] –ü–µ—Ä–µ—à–ª–∏ –≤ –ø—Ä–æ—Ñ–∏–ª—å
2023-02-03 22:19:24,887 INFO h.Logger [main] –ü—Ä–æ–∏–∑–≤–µ–ª–∏ –∞–≤—Ç–æ—Ä–∏–∑–∞—Ü–∏—é –Ω–∞ —Å–∞–π—Ç–µ Otus
2023-02-03 22:19:34,103 INFO h.Logger [main] –ü–µ—Ä–µ—à–ª–∏ –≤ –ø—Ä–æ—Ñ–∏–ª—å
2023-02-03 22:20:33,476 INFO h.Logger [main] –ü—Ä–æ–∏–∑–≤–µ–ª–∏ –∞–≤—Ç–æ—Ä–∏–∑–∞—Ü–∏—é –Ω–∞ —Å–∞–π—Ç–µ Otus
2023-02-03 22:20:43,518 INFO h.Logger [main] –ü–µ—Ä–µ—à–ª–∏ –≤ –ø—Ä–æ—Ñ–∏–ª—å
2023-02-04 21:55:31,141 INFO h.Logger [main] –ü—Ä–æ–∏–∑–≤–µ–ª–∏ –∞–≤—Ç–æ—Ä–∏–∑–∞—Ü–∏—é –Ω–∞ —Å–∞–π—Ç–µ Otus
2023-02-04 21:56:29,670 INFO h.Logger [main] –ü—Ä–æ–∏–∑–≤–µ–ª–∏ –∞–≤—Ç–æ—Ä–∏–∑–∞—Ü–∏—é –Ω–∞ —Å–∞–π—Ç–µ Otus
2023-02-04 21:56:39,447 INFO h.Logger [main] –ü–µ—Ä–µ—à–ª–∏ –≤ –ø—Ä–æ—Ñ–∏–ª—å
2023-02-04 22:14:16,804 INFO h.Logger [main] –ü—Ä–æ–∏–∑–≤–µ–ª–∏ –∞–≤—Ç–æ—Ä–∏–∑–∞—Ü–∏—é –Ω–∞ —Å–∞–π—Ç–µ Otus
2023-02-04 22:14:24,725 INFO h.Logger [main] –ü–µ—Ä–µ—à–ª–∏ –≤ –ø—Ä–æ—Ñ–∏–ª—å
2023-02-04 22:15:52,123 INFO h.Logger [main] –ü—Ä–æ–∏–∑–≤–µ–ª–∏ –∞–≤—Ç–æ—Ä–∏–∑–∞—Ü–∏—é –Ω–∞ —Å–∞–π—Ç–µ Otus
2023-02-04 22:15:58,652 INFO h.Logger [main] –ü–µ—Ä–µ—à–ª–∏ –≤ –ø—Ä–æ—Ñ–∏–ª—å
2023-02-04 22:17:22,935 INFO h.Logger [main] –ü—Ä–æ–∏–∑–≤–µ–ª–∏ –∞–≤—Ç–æ—Ä–∏–∑–∞—Ü–∏—é –Ω–∞ —Å–∞–π—Ç–µ Otus
2023-02-04 22:17:29,826 INFO h.Logger [main] –ü–µ—Ä–µ—à–ª–∏ –≤ –ø—Ä–æ—Ñ–∏–ª—å
2023-02-04 22:19:53,672 INFO h.Logger [main] –ü—Ä–æ–∏–∑–≤–µ–ª–∏ –∞–≤—Ç–æ—Ä–∏–∑–∞—Ü–∏—é –Ω–∞ —Å–∞–π—Ç–µ Otus
2023-02-04 22:20:01,786 INFO h.Logger [main] –ü–µ—Ä–µ—à–ª–∏ –≤ –ø—Ä–æ—Ñ–∏–ª—å
2023-02-04 22:45:46,640 INFO h.Logger [main] –ü—Ä–æ–∏–∑–≤–µ–ª–∏ –∞–≤—Ç–æ—Ä–∏–∑–∞—Ü–∏—é –Ω–∞ —Å–∞–π—Ç–µ Otus
2023-02-04 22:45:54,900 INFO h.Logger [main] –ü–µ—Ä–µ—à–ª–∏ –≤ –ø—Ä–æ—Ñ–∏–ª—å
2023-02-04 22:46:59,788 INFO h.Logger [main] –ü—Ä–æ–∏–∑–≤–µ–ª–∏ –∞–≤—Ç–æ—Ä–∏–∑–∞—Ü–∏—é –Ω–∞ —Å–∞–π—Ç–µ Otus
2023-02-04 22:47:07,182 INFO h.Logger [main] –ü–µ—Ä–µ—à–ª–∏ –≤ –ø—Ä–æ—Ñ–∏–ª—å
2023-02-04 22:48:17,130 INFO h.Logger [main] –ü—Ä–æ–∏–∑–≤–µ–ª–∏ –∞–≤—Ç–æ—Ä–∏–∑–∞—Ü–∏—é –Ω–∞ —Å–∞–π—Ç–µ Otus
2023-02-04 22:48:24,409 INFO h.Logger [main] –ü–µ—Ä–µ—à–ª–∏ –≤ –ø—Ä–æ—Ñ–∏–ª—å
2023-02-04 22:48:34,423 INFO h.Logger [main] –ó–∞–ø–æ–ª–Ω–∏–ª–∏ –ø—Ä–æ—Ñ–∏–ª—å
2023-02-04 22:48:37,969 INFO h.Logger [main] –û—Ç–∫—Ä—ã–ª–∏, —á–∏—Å—Ç—ã–π –±—Ä–∞—É–∑–µ—Ä –∏ –∞–≤—Ç–æ—Ä–∏–∑–æ–≤–∞–ª–∏—Å—å –≤ –£–ó
2023-02-04 22:48:46,063 INFO h.Logger [main] –ü–µ—Ä–µ—à–ª–∏ –≤ –ø—Ä–æ—Ñ–∏–ª—å, –∏ –ø—Ä–æ–≤–µ—Ä–∏–ª–∏ —Ä–∞–Ω–µ–µ –≤–≤–µ–¥–µ–Ω–Ω—ã–µ –¥–∞–Ω–Ω—ã–µ
2023-02-04 22:51:24,398 INFO h.Logger [main] –ü—Ä–æ–∏–∑–≤–µ–ª–∏ –∞–≤—Ç–æ—Ä–∏–∑–∞—Ü–∏—é –Ω–∞ —Å–∞–π—Ç–µ Otus
2023-02-04 22:51:32,419 INFO h.Logger [main] –ü–µ—Ä–µ—à–ª–∏ –≤ –ø—Ä–æ—Ñ–∏–ª—å
